2022.09.13 01:11:00 INFO  tracing is disabled for protocol LSP, to enable tracing of incoming and outgoing JSON messages create an empty file at /home/lordzampa/Desktop/UCSC/2nd_year/1st_semester/SCS2204_Functional_Programming/Scala_Tutorial_07/.metals/lsp.trace.json or /home/lordzampa/.cache/metals/lsp.trace.json[0m
2022.09.13 01:11:00 INFO  logging to file /home/lordzampa/Desktop/UCSC/2nd_year/1st_semester/SCS2204_Functional_Programming/Scala_Tutorial_07/.metals/metals.log[0m
2022.09.13 01:11:00 INFO  Started: Metals version 0.11.8 in workspace '/home/lordzampa/Desktop/UCSC/2nd_year/1st_semester/SCS2204_Functional_Programming/Scala_Tutorial_07' for client Visual Studio Code 1.71.0.[0m
2022.09.13 01:11:00 WARN  Flyway upgrade recommended: H2 2.1.214 is newer than this version of Flyway and support has not been tested. The latest supported version of H2 is 2.1.210.[0m
2022.09.13 01:11:01 INFO  time: initialize in 0.73s[0m
2022.09.13 01:11:02 WARN  Build server is not auto-connectable.[0m
2022.09.13 01:11:02 WARN  no build tool detected in workspace '/home/lordzampa/Desktop/UCSC/2nd_year/1st_semester/SCS2204_Functional_Programming/Scala_Tutorial_07'. The most common cause for this problem is that the editor was opened in the wrong working directory, for example if you use sbt then the workspace directory should contain build.sbt. [0m
2022.09.13 01:11:02 WARN  no build target for: /home/lordzampa/Desktop/UCSC/2nd_year/1st_semester/SCS2204_Functional_Programming/Scala_Tutorial_07/Q1.scala[0m
2022.09.13 01:11:04 INFO  no build target found for /home/lordzampa/Desktop/UCSC/2nd_year/1st_semester/SCS2204_Functional_Programming/Scala_Tutorial_07/Q1.scala. Using presentation compiler with project's scala-library version: 3.1.3[0m
2022.09.13 01:11:04 INFO  time: code lens generation in 2.41s[0m
2022.09.13 01:11:23 WARN  no build target for: /home/lordzampa/Desktop/UCSC/2nd_year/1st_semester/SCS2204_Functional_Programming/Scala_Tutorial_07/Q1.scala[0m
2022.09.13 01:11:31 WARN  no build target for: /home/lordzampa/Desktop/UCSC/2nd_year/1st_semester/SCS2204_Functional_Programming/Scala_Tutorial_07/Q1.scala[0m
2022.09.13 01:12:03 INFO  shutting down Metals[0m
2022.09.13 01:12:52 INFO  tracing is disabled for protocol LSP, to enable tracing of incoming and outgoing JSON messages create an empty file at /home/lordzampa/Desktop/UCSC/2nd_year/1st_semester/SCS2204_Functional_Programming/Scala_Tutorial_07/.metals/lsp.trace.json or /home/lordzampa/.cache/metals/lsp.trace.json[0m
2022.09.13 01:12:53 INFO  logging to file /home/lordzampa/Desktop/UCSC/2nd_year/1st_semester/SCS2204_Functional_Programming/Scala_Tutorial_07/.metals/metals.log[0m
2022.09.13 01:12:53 INFO  Started: Metals version 0.11.8 in workspace '/home/lordzampa/Desktop/UCSC/2nd_year/1st_semester/SCS2204_Functional_Programming/Scala_Tutorial_07' for client Visual Studio Code 1.71.0.[0m
2022.09.13 01:12:53 WARN  Flyway upgrade recommended: H2 2.1.214 is newer than this version of Flyway and support has not been tested. The latest supported version of H2 is 2.1.210.[0m
2022.09.13 01:12:54 INFO  time: initialize in 0.75s[0m
2022.09.13 01:12:55 WARN  Build server is not auto-connectable.[0m
2022.09.13 01:12:55 WARN  no build tool detected in workspace '/home/lordzampa/Desktop/UCSC/2nd_year/1st_semester/SCS2204_Functional_Programming/Scala_Tutorial_07'. The most common cause for this problem is that the editor was opened in the wrong working directory, for example if you use sbt then the workspace directory should contain build.sbt. [0m
2022.09.13 01:12:55 WARN  no build target for: /home/lordzampa/Desktop/UCSC/2nd_year/1st_semester/SCS2204_Functional_Programming/Scala_Tutorial_07/Q1and2.scala[0m
2022.09.13 01:12:57 INFO  no build target found for /home/lordzampa/Desktop/UCSC/2nd_year/1st_semester/SCS2204_Functional_Programming/Scala_Tutorial_07/Q1and2.scala. Using presentation compiler with project's scala-library version: 3.1.3[0m
2022.09.13 01:12:57 INFO  time: code lens generation in 2.56s[0m
Sep 13, 2022 1:13:19 AM org.eclipse.lsp4j.jsonrpc.RemoteEndpoint fallbackResponseError
SEVERE: Internal error: java.lang.ArrayIndexOutOfBoundsException: Index 2311 out of bounds for length 2311
java.util.concurrent.CompletionException: java.lang.ArrayIndexOutOfBoundsException: Index 2311 out of bounds for length 2311
	at java.base/java.util.concurrent.CompletableFuture.encodeThrowable(CompletableFuture.java:332)
	at java.base/java.util.concurrent.CompletableFuture.completeThrowable(CompletableFuture.java:347)
	at java.base/java.util.concurrent.CompletableFuture$UniAccept.tryFire(CompletableFuture.java:708)
	at java.base/java.util.concurrent.CompletableFuture.postComplete(CompletableFuture.java:510)
	at java.base/java.util.concurrent.CompletableFuture.completeExceptionally(CompletableFuture.java:2162)
	at scala.meta.internal.metals.CancelTokens$.$anonfun$future$1(CancelTokens.scala:40)
	at scala.meta.internal.metals.CancelTokens$.$anonfun$future$1$adapted(CancelTokens.scala:38)
	at scala.concurrent.impl.Promise$Transformation.run(Promise.scala:484)
	at java.base/java.util.concurrent.ThreadPoolExecutor.runWorker(ThreadPoolExecutor.java:1136)
	at java.base/java.util.concurrent.ThreadPoolExecutor$Worker.run(ThreadPoolExecutor.java:635)
	at java.base/java.lang.Thread.run(Thread.java:833)
Caused by: java.lang.ArrayIndexOutOfBoundsException: Index 2311 out of bounds for length 2311
	at scala.meta.internal.parsing.FoldingRangeExtractor$Foldable$.isScala3BlockWithoutOptionalBraces(FoldingRangeExtractor.scala:248)
	at scala.meta.internal.parsing.FoldingRangeExtractor$Foldable$.unapply(FoldingRangeExtractor.scala:199)
	at scala.meta.internal.parsing.FoldingRangeExtractor.extractFrom(FoldingRangeExtractor.scala:36)
	at scala.meta.internal.parsing.FoldingRangeExtractor.$anonfun$extractFrom$2(FoldingRangeExtractor.scala:56)
	at scala.meta.internal.parsing.FoldingRangeExtractor.$anonfun$extractFrom$2$adapted(FoldingRangeExtractor.scala:51)
	at scala.collection.immutable.List.foreach(List.scala:333)
	at scala.meta.internal.parsing.FoldingRangeExtractor.extractFrom(FoldingRangeExtractor.scala:51)
	at scala.meta.internal.parsing.FoldingRangeExtractor.$anonfun$extractFrom$2(FoldingRangeExtractor.scala:56)
	at scala.meta.internal.parsing.FoldingRangeExtractor.$anonfun$extractFrom$2$adapted(FoldingRangeExtractor.scala:51)
	at scala.collection.immutable.List.foreach(List.scala:333)
	at scala.meta.internal.parsing.FoldingRangeExtractor.extractFrom(FoldingRangeExtractor.scala:51)
	at scala.meta.internal.parsing.FoldingRangeExtractor.extract(FoldingRangeExtractor.scala:29)
	at scala.meta.internal.parsing.FoldingRangeProvider.$anonfun$getRangedForScala$3(FoldingRangeProvider.scala:40)
	at scala.Option.map(Option.scala:242)
	at scala.meta.internal.parsing.FoldingRangeProvider.$anonfun$getRangedForScala$2(FoldingRangeProvider.scala:33)
	at scala.Option$WithFilter.flatMap(Option.scala:283)
	at scala.meta.internal.parsing.FoldingRangeProvider.getRangedForScala(FoldingRangeProvider.scala:31)
	at scala.meta.internal.metals.MetalsLanguageServer.$anonfun$foldingRange$2(MetalsLanguageServer.scala:1705)
	at scala.concurrent.impl.Promise$Transformation.run(Promise.scala:467)
	... 3 more

2022.09.13 01:13:20 WARN  no build target for: /home/lordzampa/Desktop/UCSC/2nd_year/1st_semester/SCS2204_Functional_Programming/Scala_Tutorial_07/Q1and2.scala[0m
2022.09.13 01:13:21 WARN  no build target for: /home/lordzampa/Desktop/UCSC/2nd_year/1st_semester/SCS2204_Functional_Programming/Scala_Tutorial_07/Q3and4.scala[0m
Sep 13, 2022 1:13:23 AM org.eclipse.lsp4j.jsonrpc.RemoteEndpoint fallbackResponseError
SEVERE: Internal error: java.lang.ArrayIndexOutOfBoundsException: Index 2311 out of bounds for length 2311
java.util.concurrent.CompletionException: java.lang.ArrayIndexOutOfBoundsException: Index 2311 out of bounds for length 2311
	at java.base/java.util.concurrent.CompletableFuture.encodeThrowable(CompletableFuture.java:332)
	at java.base/java.util.concurrent.CompletableFuture.completeThrowable(CompletableFuture.java:347)
	at java.base/java.util.concurrent.CompletableFuture$UniAccept.tryFire(CompletableFuture.java:708)
	at java.base/java.util.concurrent.CompletableFuture.postComplete(CompletableFuture.java:510)
	at java.base/java.util.concurrent.CompletableFuture.completeExceptionally(CompletableFuture.java:2162)
	at scala.meta.internal.metals.CancelTokens$.$anonfun$future$1(CancelTokens.scala:40)
	at scala.meta.internal.metals.CancelTokens$.$anonfun$future$1$adapted(CancelTokens.scala:38)
	at scala.concurrent.impl.Promise$Transformation.run(Promise.scala:484)
	at java.base/java.util.concurrent.ThreadPoolExecutor.runWorker(ThreadPoolExecutor.java:1136)
	at java.base/java.util.concurrent.ThreadPoolExecutor$Worker.run(ThreadPoolExecutor.java:635)
	at java.base/java.lang.Thread.run(Thread.java:833)
Caused by: java.lang.ArrayIndexOutOfBoundsException: Index 2311 out of bounds for length 2311
	at scala.meta.internal.parsing.FoldingRangeExtractor$Foldable$.isScala3BlockWithoutOptionalBraces(FoldingRangeExtractor.scala:248)
	at scala.meta.internal.parsing.FoldingRangeExtractor$Foldable$.unapply(FoldingRangeExtractor.scala:199)
	at scala.meta.internal.parsing.FoldingRangeExtractor.extractFrom(FoldingRangeExtractor.scala:36)
	at scala.meta.internal.parsing.FoldingRangeExtractor.$anonfun$extractFrom$2(FoldingRangeExtractor.scala:56)
	at scala.meta.internal.parsing.FoldingRangeExtractor.$anonfun$extractFrom$2$adapted(FoldingRangeExtractor.scala:51)
	at scala.collection.immutable.List.foreach(List.scala:333)
	at scala.meta.internal.parsing.FoldingRangeExtractor.extractFrom(FoldingRangeExtractor.scala:51)
	at scala.meta.internal.parsing.FoldingRangeExtractor.$anonfun$extractFrom$2(FoldingRangeExtractor.scala:56)
	at scala.meta.internal.parsing.FoldingRangeExtractor.$anonfun$extractFrom$2$adapted(FoldingRangeExtractor.scala:51)
	at scala.collection.immutable.List.foreach(List.scala:333)
	at scala.meta.internal.parsing.FoldingRangeExtractor.extractFrom(FoldingRangeExtractor.scala:51)
	at scala.meta.internal.parsing.FoldingRangeExtractor.extract(FoldingRangeExtractor.scala:29)
	at scala.meta.internal.parsing.FoldingRangeProvider.$anonfun$getRangedForScala$3(FoldingRangeProvider.scala:40)
	at scala.Option.map(Option.scala:242)
	at scala.meta.internal.parsing.FoldingRangeProvider.$anonfun$getRangedForScala$2(FoldingRangeProvider.scala:33)
	at scala.Option$WithFilter.flatMap(Option.scala:283)
	at scala.meta.internal.parsing.FoldingRangeProvider.getRangedForScala(FoldingRangeProvider.scala:31)
	at scala.meta.internal.metals.MetalsLanguageServer.$anonfun$foldingRange$2(MetalsLanguageServer.scala:1705)
	at scala.concurrent.impl.Promise$Transformation.run(Promise.scala:467)
	... 3 more

Sep 13, 2022 1:38:07 AM org.eclipse.lsp4j.jsonrpc.RemoteEndpoint fallbackResponseError
SEVERE: Internal error: java.lang.ArrayIndexOutOfBoundsException: Index 2312 out of bounds for length 2312
java.util.concurrent.CompletionException: java.lang.ArrayIndexOutOfBoundsException: Index 2312 out of bounds for length 2312
	at java.base/java.util.concurrent.CompletableFuture.encodeThrowable(CompletableFuture.java:332)
	at java.base/java.util.concurrent.CompletableFuture.completeThrowable(CompletableFuture.java:347)
	at java.base/java.util.concurrent.CompletableFuture$UniAccept.tryFire(CompletableFuture.java:708)
	at java.base/java.util.concurrent.CompletableFuture.postComplete(CompletableFuture.java:510)
	at java.base/java.util.concurrent.CompletableFuture.completeExceptionally(CompletableFuture.java:2162)
	at scala.meta.internal.metals.CancelTokens$.$anonfun$future$1(CancelTokens.scala:40)
	at scala.meta.internal.metals.CancelTokens$.$anonfun$future$1$adapted(CancelTokens.scala:38)
	at scala.concurrent.impl.Promise$Transformation.run(Promise.scala:484)
	at java.base/java.util.concurrent.ThreadPoolExecutor.runWorker(ThreadPoolExecutor.java:1136)
	at java.base/java.util.concurrent.ThreadPoolExecutor$Worker.run(ThreadPoolExecutor.java:635)
	at java.base/java.lang.Thread.run(Thread.java:833)
Caused by: java.lang.ArrayIndexOutOfBoundsException: Index 2312 out of bounds for length 2312
	at scala.meta.internal.parsing.FoldingRangeExtractor$Foldable$.isScala3BlockWithoutOptionalBraces(FoldingRangeExtractor.scala:248)
	at scala.meta.internal.parsing.FoldingRangeExtractor$Foldable$.unapply(FoldingRangeExtractor.scala:199)
	at scala.meta.internal.parsing.FoldingRangeExtractor.extractFrom(FoldingRangeExtractor.scala:36)
	at scala.meta.internal.parsing.FoldingRangeExtractor.$anonfun$extractFrom$2(FoldingRangeExtractor.scala:56)
	at scala.meta.internal.parsing.FoldingRangeExtractor.$anonfun$extractFrom$2$adapted(FoldingRangeExtractor.scala:51)
	at scala.collection.immutable.List.foreach(List.scala:333)
	at scala.meta.internal.parsing.FoldingRangeExtractor.extractFrom(FoldingRangeExtractor.scala:51)
	at scala.meta.internal.parsing.FoldingRangeExtractor.$anonfun$extractFrom$2(FoldingRangeExtractor.scala:56)
	at scala.meta.internal.parsing.FoldingRangeExtractor.$anonfun$extractFrom$2$adapted(FoldingRangeExtractor.scala:51)
	at scala.collection.immutable.List.foreach(List.scala:333)
	at scala.meta.internal.parsing.FoldingRangeExtractor.extractFrom(FoldingRangeExtractor.scala:51)
	at scala.meta.internal.parsing.FoldingRangeExtractor.extract(FoldingRangeExtractor.scala:29)
	at scala.meta.internal.parsing.FoldingRangeProvider.$anonfun$getRangedForScala$3(FoldingRangeProvider.scala:40)
	at scala.Option.map(Option.scala:242)
	at scala.meta.internal.parsing.FoldingRangeProvider.$anonfun$getRangedForScala$2(FoldingRangeProvider.scala:33)
	at scala.Option$WithFilter.flatMap(Option.scala:283)
	at scala.meta.internal.parsing.FoldingRangeProvider.getRangedForScala(FoldingRangeProvider.scala:31)
	at scala.meta.internal.metals.MetalsLanguageServer.$anonfun$foldingRange$2(MetalsLanguageServer.scala:1705)
	at scala.concurrent.impl.Promise$Transformation.run(Promise.scala:467)
	... 3 more

2022.09.13 01:38:08 WARN  no build target for: /home/lordzampa/Desktop/UCSC/2nd_year/1st_semester/SCS2204_Functional_Programming/Scala_Tutorial_07/Q1and2.scala[0m
Sep 13, 2022 1:38:08 AM org.eclipse.lsp4j.jsonrpc.RemoteEndpoint fallbackResponseError
SEVERE: Internal error: java.lang.ArrayIndexOutOfBoundsException: Index 2312 out of bounds for length 2312
java.util.concurrent.CompletionException: java.lang.ArrayIndexOutOfBoundsException: Index 2312 out of bounds for length 2312
	at java.base/java.util.concurrent.CompletableFuture.encodeThrowable(CompletableFuture.java:332)
	at java.base/java.util.concurrent.CompletableFuture.completeThrowable(CompletableFuture.java:347)
	at java.base/java.util.concurrent.CompletableFuture$UniAccept.tryFire(CompletableFuture.java:708)
	at java.base/java.util.concurrent.CompletableFuture.postComplete(CompletableFuture.java:510)
	at java.base/java.util.concurrent.CompletableFuture.completeExceptionally(CompletableFuture.java:2162)
	at scala.meta.internal.metals.CancelTokens$.$anonfun$future$1(CancelTokens.scala:40)
	at scala.meta.internal.metals.CancelTokens$.$anonfun$future$1$adapted(CancelTokens.scala:38)
	at scala.concurrent.impl.Promise$Transformation.run(Promise.scala:484)
	at java.base/java.util.concurrent.ThreadPoolExecutor.runWorker(ThreadPoolExecutor.java:1136)
	at java.base/java.util.concurrent.ThreadPoolExecutor$Worker.run(ThreadPoolExecutor.java:635)
	at java.base/java.lang.Thread.run(Thread.java:833)
Caused by: java.lang.ArrayIndexOutOfBoundsException: Index 2312 out of bounds for length 2312
	at scala.meta.internal.parsing.FoldingRangeExtractor$Foldable$.isScala3BlockWithoutOptionalBraces(FoldingRangeExtractor.scala:248)
	at scala.meta.internal.parsing.FoldingRangeExtractor$Foldable$.unapply(FoldingRangeExtractor.scala:199)
	at scala.meta.internal.parsing.FoldingRangeExtractor.extractFrom(FoldingRangeExtractor.scala:36)
	at scala.meta.internal.parsing.FoldingRangeExtractor.$anonfun$extractFrom$2(FoldingRangeExtractor.scala:56)
	at scala.meta.internal.parsing.FoldingRangeExtractor.$anonfun$extractFrom$2$adapted(FoldingRangeExtractor.scala:51)
	at scala.collection.immutable.List.foreach(List.scala:333)
	at scala.meta.internal.parsing.FoldingRangeExtractor.extractFrom(FoldingRangeExtractor.scala:51)
	at scala.meta.internal.parsing.FoldingRangeExtractor.$anonfun$extractFrom$2(FoldingRangeExtractor.scala:56)
	at scala.meta.internal.parsing.FoldingRangeExtractor.$anonfun$extractFrom$2$adapted(FoldingRangeExtractor.scala:51)
	at scala.collection.immutable.List.foreach(List.scala:333)
	at scala.meta.internal.parsing.FoldingRangeExtractor.extractFrom(FoldingRangeExtractor.scala:51)
	at scala.meta.internal.parsing.FoldingRangeExtractor.extract(FoldingRangeExtractor.scala:29)
	at scala.meta.internal.parsing.FoldingRangeProvider.$anonfun$getRangedForScala$3(FoldingRangeProvider.scala:40)
	at scala.Option.map(Option.scala:242)
	at scala.meta.internal.parsing.FoldingRangeProvider.$anonfun$getRangedForScala$2(FoldingRangeProvider.scala:33)
	at scala.Option$WithFilter.flatMap(Option.scala:283)
	at scala.meta.internal.parsing.FoldingRangeProvider.getRangedForScala(FoldingRangeProvider.scala:31)
	at scala.meta.internal.metals.MetalsLanguageServer.$anonfun$foldingRange$2(MetalsLanguageServer.scala:1705)
	at scala.concurrent.impl.Promise$Transformation.run(Promise.scala:467)
	... 3 more

2022.09.13 01:38:09 WARN  no build target for: /home/lordzampa/Desktop/UCSC/2nd_year/1st_semester/SCS2204_Functional_Programming/Scala_Tutorial_07/Q1and2.scala[0m
Sep 13, 2022 1:38:10 AM org.eclipse.lsp4j.jsonrpc.RemoteEndpoint fallbackResponseError
SEVERE: Internal error: java.lang.ArrayIndexOutOfBoundsException: Index 2312 out of bounds for length 2312
java.util.concurrent.CompletionException: java.lang.ArrayIndexOutOfBoundsException: Index 2312 out of bounds for length 2312
	at java.base/java.util.concurrent.CompletableFuture.encodeThrowable(CompletableFuture.java:332)
	at java.base/java.util.concurrent.CompletableFuture.completeThrowable(CompletableFuture.java:347)
	at java.base/java.util.concurrent.CompletableFuture$UniAccept.tryFire(CompletableFuture.java:708)
	at java.base/java.util.concurrent.CompletableFuture.postComplete(CompletableFuture.java:510)
	at java.base/java.util.concurrent.CompletableFuture.completeExceptionally(CompletableFuture.java:2162)
	at scala.meta.internal.metals.CancelTokens$.$anonfun$future$1(CancelTokens.scala:40)
	at scala.meta.internal.metals.CancelTokens$.$anonfun$future$1$adapted(CancelTokens.scala:38)
	at scala.concurrent.impl.Promise$Transformation.run(Promise.scala:484)
	at java.base/java.util.concurrent.ThreadPoolExecutor.runWorker(ThreadPoolExecutor.java:1136)
	at java.base/java.util.concurrent.ThreadPoolExecutor$Worker.run(ThreadPoolExecutor.java:635)
	at java.base/java.lang.Thread.run(Thread.java:833)
Caused by: java.lang.ArrayIndexOutOfBoundsException: Index 2312 out of bounds for length 2312
	at scala.meta.internal.parsing.FoldingRangeExtractor$Foldable$.isScala3BlockWithoutOptionalBraces(FoldingRangeExtractor.scala:248)
	at scala.meta.internal.parsing.FoldingRangeExtractor$Foldable$.unapply(FoldingRangeExtractor.scala:199)
	at scala.meta.internal.parsing.FoldingRangeExtractor.extractFrom(FoldingRangeExtractor.scala:36)
	at scala.meta.internal.parsing.FoldingRangeExtractor.$anonfun$extractFrom$2(FoldingRangeExtractor.scala:56)
	at scala.meta.internal.parsing.FoldingRangeExtractor.$anonfun$extractFrom$2$adapted(FoldingRangeExtractor.scala:51)
	at scala.collection.immutable.List.foreach(List.scala:333)
	at scala.meta.internal.parsing.FoldingRangeExtractor.extractFrom(FoldingRangeExtractor.scala:51)
	at scala.meta.internal.parsing.FoldingRangeExtractor.$anonfun$extractFrom$2(FoldingRangeExtractor.scala:56)
	at scala.meta.internal.parsing.FoldingRangeExtractor.$anonfun$extractFrom$2$adapted(FoldingRangeExtractor.scala:51)
	at scala.collection.immutable.List.foreach(List.scala:333)
	at scala.meta.internal.parsing.FoldingRangeExtractor.extractFrom(FoldingRangeExtractor.scala:51)
	at scala.meta.internal.parsing.FoldingRangeExtractor.extract(FoldingRangeExtractor.scala:29)
	at scala.meta.internal.parsing.FoldingRangeProvider.$anonfun$getRangedForScala$3(FoldingRangeProvider.scala:40)
	at scala.Option.map(Option.scala:242)
	at scala.meta.internal.parsing.FoldingRangeProvider.$anonfun$getRangedForScala$2(FoldingRangeProvider.scala:33)
	at scala.Option$WithFilter.flatMap(Option.scala:283)
	at scala.meta.internal.parsing.FoldingRangeProvider.getRangedForScala(FoldingRangeProvider.scala:31)
	at scala.meta.internal.metals.MetalsLanguageServer.$anonfun$foldingRange$2(MetalsLanguageServer.scala:1705)
	at scala.concurrent.impl.Promise$Transformation.run(Promise.scala:467)
	... 3 more

Sep 13, 2022 1:38:11 AM org.eclipse.lsp4j.jsonrpc.RemoteEndpoint fallbackResponseError
SEVERE: Internal error: java.lang.ArrayIndexOutOfBoundsException: Index 2312 out of bounds for length 2312
java.util.concurrent.CompletionException: java.lang.ArrayIndexOutOfBoundsException: Index 2312 out of bounds for length 2312
	at java.base/java.util.concurrent.CompletableFuture.encodeThrowable(CompletableFuture.java:332)
	at java.base/java.util.concurrent.CompletableFuture.completeThrowable(CompletableFuture.java:347)
	at java.base/java.util.concurrent.CompletableFuture$UniAccept.tryFire(CompletableFuture.java:708)
	at java.base/java.util.concurrent.CompletableFuture.postComplete(CompletableFuture.java:510)
	at java.base/java.util.concurrent.CompletableFuture.completeExceptionally(CompletableFuture.java:2162)
	at scala.meta.internal.metals.CancelTokens$.$anonfun$future$1(CancelTokens.scala:40)
	at scala.meta.internal.metals.CancelTokens$.$anonfun$future$1$adapted(CancelTokens.scala:38)
	at scala.concurrent.impl.Promise$Transformation.run(Promise.scala:484)
	at java.base/java.util.concurrent.ThreadPoolExecutor.runWorker(ThreadPoolExecutor.java:1136)
	at java.base/java.util.concurrent.ThreadPoolExecutor$Worker.run(ThreadPoolExecutor.java:635)
	at java.base/java.lang.Thread.run(Thread.java:833)
Caused by: java.lang.ArrayIndexOutOfBoundsException: Index 2312 out of bounds for length 2312
	at scala.meta.internal.parsing.FoldingRangeExtractor$Foldable$.isScala3BlockWithoutOptionalBraces(FoldingRangeExtractor.scala:248)
	at scala.meta.internal.parsing.FoldingRangeExtractor$Foldable$.unapply(FoldingRangeExtractor.scala:199)
	at scala.meta.internal.parsing.FoldingRangeExtractor.extractFrom(FoldingRangeExtractor.scala:36)
	at scala.meta.internal.parsing.FoldingRangeExtractor.$anonfun$extractFrom$2(FoldingRangeExtractor.scala:56)
	at scala.meta.internal.parsing.FoldingRangeExtractor.$anonfun$extractFrom$2$adapted(FoldingRangeExtractor.scala:51)
	at scala.collection.immutable.List.foreach(List.scala:333)
	at scala.meta.internal.parsing.FoldingRangeExtractor.extractFrom(FoldingRangeExtractor.scala:51)
	at scala.meta.internal.parsing.FoldingRangeExtractor.$anonfun$extractFrom$2(FoldingRangeExtractor.scala:56)
	at scala.meta.internal.parsing.FoldingRangeExtractor.$anonfun$extractFrom$2$adapted(FoldingRangeExtractor.scala:51)
	at scala.collection.immutable.List.foreach(List.scala:333)
	at scala.meta.internal.parsing.FoldingRangeExtractor.extractFrom(FoldingRangeExtractor.scala:51)
	at scala.meta.internal.parsing.FoldingRangeExtractor.extract(FoldingRangeExtractor.scala:29)
	at scala.meta.internal.parsing.FoldingRangeProvider.$anonfun$getRangedForScala$3(FoldingRangeProvider.scala:40)
	at scala.Option.map(Option.scala:242)
	at scala.meta.internal.parsing.FoldingRangeProvider.$anonfun$getRangedForScala$2(FoldingRangeProvider.scala:33)
	at scala.Option$WithFilter.flatMap(Option.scala:283)
	at scala.meta.internal.parsing.FoldingRangeProvider.getRangedForScala(FoldingRangeProvider.scala:31)
	at scala.meta.internal.metals.MetalsLanguageServer.$anonfun$foldingRange$2(MetalsLanguageServer.scala:1705)
	at scala.concurrent.impl.Promise$Transformation.run(Promise.scala:467)
	... 3 more

Sep 13, 2022 1:38:11 AM org.eclipse.lsp4j.jsonrpc.RemoteEndpoint fallbackResponseError
SEVERE: Internal error: java.lang.ArrayIndexOutOfBoundsException: Index 2312 out of bounds for length 2312
java.util.concurrent.CompletionException: java.lang.ArrayIndexOutOfBoundsException: Index 2312 out of bounds for length 2312
	at java.base/java.util.concurrent.CompletableFuture.encodeThrowable(CompletableFuture.java:332)
	at java.base/java.util.concurrent.CompletableFuture.completeThrowable(CompletableFuture.java:347)
	at java.base/java.util.concurrent.CompletableFuture$UniAccept.tryFire(CompletableFuture.java:708)
	at java.base/java.util.concurrent.CompletableFuture.postComplete(CompletableFuture.java:510)
	at java.base/java.util.concurrent.CompletableFuture.completeExceptionally(CompletableFuture.java:2162)
	at scala.meta.internal.metals.CancelTokens$.$anonfun$future$1(CancelTokens.scala:40)
	at scala.meta.internal.metals.CancelTokens$.$anonfun$future$1$adapted(CancelTokens.scala:38)
	at scala.concurrent.impl.Promise$Transformation.run(Promise.scala:484)
	at java.base/java.util.concurrent.ThreadPoolExecutor.runWorker(ThreadPoolExecutor.java:1136)
	at java.base/java.util.concurrent.ThreadPoolExecutor$Worker.run(ThreadPoolExecutor.java:635)
	at java.base/java.lang.Thread.run(Thread.java:833)
Caused by: java.lang.ArrayIndexOutOfBoundsException: Index 2312 out of bounds for length 2312
	at scala.meta.internal.parsing.FoldingRangeExtractor$Foldable$.isScala3BlockWithoutOptionalBraces(FoldingRangeExtractor.scala:248)
	at scala.meta.internal.parsing.FoldingRangeExtractor$Foldable$.unapply(FoldingRangeExtractor.scala:199)
	at scala.meta.internal.parsing.FoldingRangeExtractor.extractFrom(FoldingRangeExtractor.scala:36)
	at scala.meta.internal.parsing.FoldingRangeExtractor.$anonfun$extractFrom$2(FoldingRangeExtractor.scala:56)
	at scala.meta.internal.parsing.FoldingRangeExtractor.$anonfun$extractFrom$2$adapted(FoldingRangeExtractor.scala:51)
	at scala.collection.immutable.List.foreach(List.scala:333)
	at scala.meta.internal.parsing.FoldingRangeExtractor.extractFrom(FoldingRangeExtractor.scala:51)
	at scala.meta.internal.parsing.FoldingRangeExtractor.$anonfun$extractFrom$2(FoldingRangeExtractor.scala:56)
	at scala.meta.internal.parsing.FoldingRangeExtractor.$anonfun$extractFrom$2$adapted(FoldingRangeExtractor.scala:51)
	at scala.collection.immutable.List.foreach(List.scala:333)
	at scala.meta.internal.parsing.FoldingRangeExtractor.extractFrom(FoldingRangeExtractor.scala:51)
	at scala.meta.internal.parsing.FoldingRangeExtractor.extract(FoldingRangeExtractor.scala:29)
	at scala.meta.internal.parsing.FoldingRangeProvider.$anonfun$getRangedForScala$3(FoldingRangeProvider.scala:40)
	at scala.Option.map(Option.scala:242)
	at scala.meta.internal.parsing.FoldingRangeProvider.$anonfun$getRangedForScala$2(FoldingRangeProvider.scala:33)
	at scala.Option$WithFilter.flatMap(Option.scala:283)
	at scala.meta.internal.parsing.FoldingRangeProvider.getRangedForScala(FoldingRangeProvider.scala:31)
	at scala.meta.internal.metals.MetalsLanguageServer.$anonfun$foldingRange$2(MetalsLanguageServer.scala:1705)
	at scala.concurrent.impl.Promise$Transformation.run(Promise.scala:467)
	... 3 more

Sep 13, 2022 1:38:12 AM org.eclipse.lsp4j.jsonrpc.RemoteEndpoint fallbackResponseError
SEVERE: Internal error: java.lang.ArrayIndexOutOfBoundsException: Index 2312 out of bounds for length 2312
java.util.concurrent.CompletionException: java.lang.ArrayIndexOutOfBoundsException: Index 2312 out of bounds for length 2312
	at java.base/java.util.concurrent.CompletableFuture.encodeThrowable(CompletableFuture.java:332)
	at java.base/java.util.concurrent.CompletableFuture.completeThrowable(CompletableFuture.java:347)
	at java.base/java.util.concurrent.CompletableFuture$UniAccept.tryFire(CompletableFuture.java:708)
	at java.base/java.util.concurrent.CompletableFuture.postComplete(CompletableFuture.java:510)
	at java.base/java.util.concurrent.CompletableFuture.completeExceptionally(CompletableFuture.java:2162)
	at scala.meta.internal.metals.CancelTokens$.$anonfun$future$1(CancelTokens.scala:40)
	at scala.meta.internal.metals.CancelTokens$.$anonfun$future$1$adapted(CancelTokens.scala:38)
	at scala.concurrent.impl.Promise$Transformation.run(Promise.scala:484)
	at java.base/java.util.concurrent.ThreadPoolExecutor.runWorker(ThreadPoolExecutor.java:1136)
	at java.base/java.util.concurrent.ThreadPoolExecutor$Worker.run(ThreadPoolExecutor.java:635)
	at java.base/java.lang.Thread.run(Thread.java:833)
Caused by: java.lang.ArrayIndexOutOfBoundsException: Index 2312 out of bounds for length 2312
	at scala.meta.internal.parsing.FoldingRangeExtractor$Foldable$.isScala3BlockWithoutOptionalBraces(FoldingRangeExtractor.scala:248)
	at scala.meta.internal.parsing.FoldingRangeExtractor$Foldable$.unapply(FoldingRangeExtractor.scala:199)
	at scala.meta.internal.parsing.FoldingRangeExtractor.extractFrom(FoldingRangeExtractor.scala:36)
	at scala.meta.internal.parsing.FoldingRangeExtractor.$anonfun$extractFrom$2(FoldingRangeExtractor.scala:56)
	at scala.meta.internal.parsing.FoldingRangeExtractor.$anonfun$extractFrom$2$adapted(FoldingRangeExtractor.scala:51)
	at scala.collection.immutable.List.foreach(List.scala:333)
	at scala.meta.internal.parsing.FoldingRangeExtractor.extractFrom(FoldingRangeExtractor.scala:51)
	at scala.meta.internal.parsing.FoldingRangeExtractor.$anonfun$extractFrom$2(FoldingRangeExtractor.scala:56)
	at scala.meta.internal.parsing.FoldingRangeExtractor.$anonfun$extractFrom$2$adapted(FoldingRangeExtractor.scala:51)
	at scala.collection.immutable.List.foreach(List.scala:333)
	at scala.meta.internal.parsing.FoldingRangeExtractor.extractFrom(FoldingRangeExtractor.scala:51)
	at scala.meta.internal.parsing.FoldingRangeExtractor.extract(FoldingRangeExtractor.scala:29)
	at scala.meta.internal.parsing.FoldingRangeProvider.$anonfun$getRangedForScala$3(FoldingRangeProvider.scala:40)
	at scala.Option.map(Option.scala:242)
	at scala.meta.internal.parsing.FoldingRangeProvider.$anonfun$getRangedForScala$2(FoldingRangeProvider.scala:33)
	at scala.Option$WithFilter.flatMap(Option.scala:283)
	at scala.meta.internal.parsing.FoldingRangeProvider.getRangedForScala(FoldingRangeProvider.scala:31)
	at scala.meta.internal.metals.MetalsLanguageServer.$anonfun$foldingRange$2(MetalsLanguageServer.scala:1705)
	at scala.concurrent.impl.Promise$Transformation.run(Promise.scala:467)
	... 3 more

Sep 13, 2022 1:38:13 AM org.eclipse.lsp4j.jsonrpc.RemoteEndpoint fallbackResponseError
SEVERE: Internal error: java.lang.ArrayIndexOutOfBoundsException: Index 2312 out of bounds for length 2312
java.util.concurrent.CompletionException: java.lang.ArrayIndexOutOfBoundsException: Index 2312 out of bounds for length 2312
	at java.base/java.util.concurrent.CompletableFuture.encodeThrowable(CompletableFuture.java:332)
	at java.base/java.util.concurrent.CompletableFuture.completeThrowable(CompletableFuture.java:347)
	at java.base/java.util.concurrent.CompletableFuture$UniAccept.tryFire(CompletableFuture.java:708)
	at java.base/java.util.concurrent.CompletableFuture.postComplete(CompletableFuture.java:510)
	at java.base/java.util.concurrent.CompletableFuture.completeExceptionally(CompletableFuture.java:2162)
	at scala.meta.internal.metals.CancelTokens$.$anonfun$future$1(CancelTokens.scala:40)
	at scala.meta.internal.metals.CancelTokens$.$anonfun$future$1$adapted(CancelTokens.scala:38)
	at scala.concurrent.impl.Promise$Transformation.run(Promise.scala:484)
	at java.base/java.util.concurrent.ThreadPoolExecutor.runWorker(ThreadPoolExecutor.java:1136)
	at java.base/java.util.concurrent.ThreadPoolExecutor$Worker.run(ThreadPoolExecutor.java:635)
	at java.base/java.lang.Thread.run(Thread.java:833)
Caused by: java.lang.ArrayIndexOutOfBoundsException: Index 2312 out of bounds for length 2312
	at scala.meta.internal.parsing.FoldingRangeExtractor$Foldable$.isScala3BlockWithoutOptionalBraces(FoldingRangeExtractor.scala:248)
	at scala.meta.internal.parsing.FoldingRangeExtractor$Foldable$.unapply(FoldingRangeExtractor.scala:199)
	at scala.meta.internal.parsing.FoldingRangeExtractor.extractFrom(FoldingRangeExtractor.scala:36)
	at scala.meta.internal.parsing.FoldingRangeExtractor.$anonfun$extractFrom$2(FoldingRangeExtractor.scala:56)
	at scala.meta.internal.parsing.FoldingRangeExtractor.$anonfun$extractFrom$2$adapted(FoldingRangeExtractor.scala:51)
	at scala.collection.immutable.List.foreach(List.scala:333)
	at scala.meta.internal.parsing.FoldingRangeExtractor.extractFrom(FoldingRangeExtractor.scala:51)
	at scala.meta.internal.parsing.FoldingRangeExtractor.$anonfun$extractFrom$2(FoldingRangeExtractor.scala:56)
	at scala.meta.internal.parsing.FoldingRangeExtractor.$anonfun$extractFrom$2$adapted(FoldingRangeExtractor.scala:51)
	at scala.collection.immutable.List.foreach(List.scala:333)
	at scala.meta.internal.parsing.FoldingRangeExtractor.extractFrom(FoldingRangeExtractor.scala:51)
	at scala.meta.internal.parsing.FoldingRangeExtractor.extract(FoldingRangeExtractor.scala:29)
	at scala.meta.internal.parsing.FoldingRangeProvider.$anonfun$getRangedForScala$3(FoldingRangeProvider.scala:40)
	at scala.Option.map(Option.scala:242)
	at scala.meta.internal.parsing.FoldingRangeProvider.$anonfun$getRangedForScala$2(FoldingRangeProvider.scala:33)
	at scala.Option$WithFilter.flatMap(Option.scala:283)
	at scala.meta.internal.parsing.FoldingRangeProvider.getRangedForScala(FoldingRangeProvider.scala:31)
	at scala.meta.internal.metals.MetalsLanguageServer.$anonfun$foldingRange$2(MetalsLanguageServer.scala:1705)
	at scala.concurrent.impl.Promise$Transformation.run(Promise.scala:467)
	... 3 more

2022.09.13 01:38:13 WARN  no build target for: /home/lordzampa/Desktop/UCSC/2nd_year/1st_semester/SCS2204_Functional_Programming/Scala_Tutorial_07/Q1and2.scala[0m
Sep 13, 2022 1:38:15 AM org.eclipse.lsp4j.jsonrpc.RemoteEndpoint fallbackResponseError
SEVERE: Internal error: java.lang.ArrayIndexOutOfBoundsException: Index 2312 out of bounds for length 2312
java.util.concurrent.CompletionException: java.lang.ArrayIndexOutOfBoundsException: Index 2312 out of bounds for length 2312
	at java.base/java.util.concurrent.CompletableFuture.encodeThrowable(CompletableFuture.java:332)
	at java.base/java.util.concurrent.CompletableFuture.completeThrowable(CompletableFuture.java:347)
	at java.base/java.util.concurrent.CompletableFuture$UniAccept.tryFire(CompletableFuture.java:708)
	at java.base/java.util.concurrent.CompletableFuture.postComplete(CompletableFuture.java:510)
	at java.base/java.util.concurrent.CompletableFuture.completeExceptionally(CompletableFuture.java:2162)
	at scala.meta.internal.metals.CancelTokens$.$anonfun$future$1(CancelTokens.scala:40)
	at scala.meta.internal.metals.CancelTokens$.$anonfun$future$1$adapted(CancelTokens.scala:38)
	at scala.concurrent.impl.Promise$Transformation.run(Promise.scala:484)
	at java.base/java.util.concurrent.ThreadPoolExecutor.runWorker(ThreadPoolExecutor.java:1136)
	at java.base/java.util.concurrent.ThreadPoolExecutor$Worker.run(ThreadPoolExecutor.java:635)
	at java.base/java.lang.Thread.run(Thread.java:833)
Caused by: java.lang.ArrayIndexOutOfBoundsException: Index 2312 out of bounds for length 2312
	at scala.meta.internal.parsing.FoldingRangeExtractor$Foldable$.isScala3BlockWithoutOptionalBraces(FoldingRangeExtractor.scala:248)
	at scala.meta.internal.parsing.FoldingRangeExtractor$Foldable$.unapply(FoldingRangeExtractor.scala:199)
	at scala.meta.internal.parsing.FoldingRangeExtractor.extractFrom(FoldingRangeExtractor.scala:36)
	at scala.meta.internal.parsing.FoldingRangeExtractor.$anonfun$extractFrom$2(FoldingRangeExtractor.scala:56)
	at scala.meta.internal.parsing.FoldingRangeExtractor.$anonfun$extractFrom$2$adapted(FoldingRangeExtractor.scala:51)
	at scala.collection.immutable.List.foreach(List.scala:333)
	at scala.meta.internal.parsing.FoldingRangeExtractor.extractFrom(FoldingRangeExtractor.scala:51)
	at scala.meta.internal.parsing.FoldingRangeExtractor.$anonfun$extractFrom$2(FoldingRangeExtractor.scala:56)
	at scala.meta.internal.parsing.FoldingRangeExtractor.$anonfun$extractFrom$2$adapted(FoldingRangeExtractor.scala:51)
	at scala.collection.immutable.List.foreach(List.scala:333)
	at scala.meta.internal.parsing.FoldingRangeExtractor.extractFrom(FoldingRangeExtractor.scala:51)
	at scala.meta.internal.parsing.FoldingRangeExtractor.extract(FoldingRangeExtractor.scala:29)
	at scala.meta.internal.parsing.FoldingRangeProvider.$anonfun$getRangedForScala$3(FoldingRangeProvider.scala:40)
	at scala.Option.map(Option.scala:242)
	at scala.meta.internal.parsing.FoldingRangeProvider.$anonfun$getRangedForScala$2(FoldingRangeProvider.scala:33)
	at scala.Option$WithFilter.flatMap(Option.scala:283)
	at scala.meta.internal.parsing.FoldingRangeProvider.getRangedForScala(FoldingRangeProvider.scala:31)
	at scala.meta.internal.metals.MetalsLanguageServer.$anonfun$foldingRange$2(MetalsLanguageServer.scala:1705)
	at scala.concurrent.impl.Promise$Transformation.run(Promise.scala:467)
	... 3 more

Sep 13, 2022 1:38:16 AM org.eclipse.lsp4j.jsonrpc.RemoteEndpoint fallbackResponseError
SEVERE: Internal error: java.lang.ArrayIndexOutOfBoundsException: Index 2312 out of bounds for length 2312
java.util.concurrent.CompletionException: java.lang.ArrayIndexOutOfBoundsException: Index 2312 out of bounds for length 2312
	at java.base/java.util.concurrent.CompletableFuture.encodeThrowable(CompletableFuture.java:332)
	at java.base/java.util.concurrent.CompletableFuture.completeThrowable(CompletableFuture.java:347)
	at java.base/java.util.concurrent.CompletableFuture$UniAccept.tryFire(CompletableFuture.java:708)
	at java.base/java.util.concurrent.CompletableFuture.postComplete(CompletableFuture.java:510)
	at java.base/java.util.concurrent.CompletableFuture.completeExceptionally(CompletableFuture.java:2162)
	at scala.meta.internal.metals.CancelTokens$.$anonfun$future$1(CancelTokens.scala:40)
	at scala.meta.internal.metals.CancelTokens$.$anonfun$future$1$adapted(CancelTokens.scala:38)
	at scala.concurrent.impl.Promise$Transformation.run(Promise.scala:484)
	at java.base/java.util.concurrent.ThreadPoolExecutor.runWorker(ThreadPoolExecutor.java:1136)
	at java.base/java.util.concurrent.ThreadPoolExecutor$Worker.run(ThreadPoolExecutor.java:635)
	at java.base/java.lang.Thread.run(Thread.java:833)
Caused by: java.lang.ArrayIndexOutOfBoundsException: Index 2312 out of bounds for length 2312
	at scala.meta.internal.parsing.FoldingRangeExtractor$Foldable$.isScala3BlockWithoutOptionalBraces(FoldingRangeExtractor.scala:248)
	at scala.meta.internal.parsing.FoldingRangeExtractor$Foldable$.unapply(FoldingRangeExtractor.scala:199)
	at scala.meta.internal.parsing.FoldingRangeExtractor.extractFrom(FoldingRangeExtractor.scala:36)
	at scala.meta.internal.parsing.FoldingRangeExtractor.$anonfun$extractFrom$2(FoldingRangeExtractor.scala:56)
	at scala.meta.internal.parsing.FoldingRangeExtractor.$anonfun$extractFrom$2$adapted(FoldingRangeExtractor.scala:51)
	at scala.collection.immutable.List.foreach(List.scala:333)
	at scala.meta.internal.parsing.FoldingRangeExtractor.extractFrom(FoldingRangeExtractor.scala:51)
	at scala.meta.internal.parsing.FoldingRangeExtractor.$anonfun$extractFrom$2(FoldingRangeExtractor.scala:56)
	at scala.meta.internal.parsing.FoldingRangeExtractor.$anonfun$extractFrom$2$adapted(FoldingRangeExtractor.scala:51)
	at scala.collection.immutable.List.foreach(List.scala:333)
	at scala.meta.internal.parsing.FoldingRangeExtractor.extractFrom(FoldingRangeExtractor.scala:51)
	at scala.meta.internal.parsing.FoldingRangeExtractor.extract(FoldingRangeExtractor.scala:29)
	at scala.meta.internal.parsing.FoldingRangeProvider.$anonfun$getRangedForScala$3(FoldingRangeProvider.scala:40)
	at scala.Option.map(Option.scala:242)
	at scala.meta.internal.parsing.FoldingRangeProvider.$anonfun$getRangedForScala$2(FoldingRangeProvider.scala:33)
	at scala.Option$WithFilter.flatMap(Option.scala:283)
	at scala.meta.internal.parsing.FoldingRangeProvider.getRangedForScala(FoldingRangeProvider.scala:31)
	at scala.meta.internal.metals.MetalsLanguageServer.$anonfun$foldingRange$2(MetalsLanguageServer.scala:1705)
	at scala.concurrent.impl.Promise$Transformation.run(Promise.scala:467)
	... 3 more

Sep 13, 2022 1:38:16 AM org.eclipse.lsp4j.jsonrpc.RemoteEndpoint fallbackResponseError
SEVERE: Internal error: java.lang.ArrayIndexOutOfBoundsException: Index 2312 out of bounds for length 2312
java.util.concurrent.CompletionException: java.lang.ArrayIndexOutOfBoundsException: Index 2312 out of bounds for length 2312
	at java.base/java.util.concurrent.CompletableFuture.encodeThrowable(CompletableFuture.java:332)
	at java.base/java.util.concurrent.CompletableFuture.completeThrowable(CompletableFuture.java:347)
	at java.base/java.util.concurrent.CompletableFuture$UniAccept.tryFire(CompletableFuture.java:708)
	at java.base/java.util.concurrent.CompletableFuture.postComplete(CompletableFuture.java:510)
	at java.base/java.util.concurrent.CompletableFuture.completeExceptionally(CompletableFuture.java:2162)
	at scala.meta.internal.metals.CancelTokens$.$anonfun$future$1(CancelTokens.scala:40)
	at scala.meta.internal.metals.CancelTokens$.$anonfun$future$1$adapted(CancelTokens.scala:38)
	at scala.concurrent.impl.Promise$Transformation.run(Promise.scala:484)
	at java.base/java.util.concurrent.ThreadPoolExecutor.runWorker(ThreadPoolExecutor.java:1136)
	at java.base/java.util.concurrent.ThreadPoolExecutor$Worker.run(ThreadPoolExecutor.java:635)
	at java.base/java.lang.Thread.run(Thread.java:833)
Caused by: java.lang.ArrayIndexOutOfBoundsException: Index 2312 out of bounds for length 2312
	at scala.meta.internal.parsing.FoldingRangeExtractor$Foldable$.isScala3BlockWithoutOptionalBraces(FoldingRangeExtractor.scala:248)
	at scala.meta.internal.parsing.FoldingRangeExtractor$Foldable$.unapply(FoldingRangeExtractor.scala:199)
	at scala.meta.internal.parsing.FoldingRangeExtractor.extractFrom(FoldingRangeExtractor.scala:36)
	at scala.meta.internal.parsing.FoldingRangeExtractor.$anonfun$extractFrom$2(FoldingRangeExtractor.scala:56)
	at scala.meta.internal.parsing.FoldingRangeExtractor.$anonfun$extractFrom$2$adapted(FoldingRangeExtractor.scala:51)
	at scala.collection.immutable.List.foreach(List.scala:333)
	at scala.meta.internal.parsing.FoldingRangeExtractor.extractFrom(FoldingRangeExtractor.scala:51)
	at scala.meta.internal.parsing.FoldingRangeExtractor.$anonfun$extractFrom$2(FoldingRangeExtractor.scala:56)
	at scala.meta.internal.parsing.FoldingRangeExtractor.$anonfun$extractFrom$2$adapted(FoldingRangeExtractor.scala:51)
	at scala.collection.immutable.List.foreach(List.scala:333)
	at scala.meta.internal.parsing.FoldingRangeExtractor.extractFrom(FoldingRangeExtractor.scala:51)
	at scala.meta.internal.parsing.FoldingRangeExtractor.extract(FoldingRangeExtractor.scala:29)
	at scala.meta.internal.parsing.FoldingRangeProvider.$anonfun$getRangedForScala$3(FoldingRangeProvider.scala:40)
	at scala.Option.map(Option.scala:242)
	at scala.meta.internal.parsing.FoldingRangeProvider.$anonfun$getRangedForScala$2(FoldingRangeProvider.scala:33)
	at scala.Option$WithFilter.flatMap(Option.scala:283)
	at scala.meta.internal.parsing.FoldingRangeProvider.getRangedForScala(FoldingRangeProvider.scala:31)
	at scala.meta.internal.metals.MetalsLanguageServer.$anonfun$foldingRange$2(MetalsLanguageServer.scala:1705)
	at scala.concurrent.impl.Promise$Transformation.run(Promise.scala:467)
	... 3 more

2022.09.13 01:38:17 WARN  no build target for: /home/lordzampa/Desktop/UCSC/2nd_year/1st_semester/SCS2204_Functional_Programming/Scala_Tutorial_07/Q1and2.scala[0m
Sep 13, 2022 1:38:17 AM org.eclipse.lsp4j.jsonrpc.RemoteEndpoint fallbackResponseError
SEVERE: Internal error: java.lang.ArrayIndexOutOfBoundsException: Index 2312 out of bounds for length 2312
java.util.concurrent.CompletionException: java.lang.ArrayIndexOutOfBoundsException: Index 2312 out of bounds for length 2312
	at java.base/java.util.concurrent.CompletableFuture.encodeThrowable(CompletableFuture.java:332)
	at java.base/java.util.concurrent.CompletableFuture.completeThrowable(CompletableFuture.java:347)
	at java.base/java.util.concurrent.CompletableFuture$UniAccept.tryFire(CompletableFuture.java:708)
	at java.base/java.util.concurrent.CompletableFuture.postComplete(CompletableFuture.java:510)
	at java.base/java.util.concurrent.CompletableFuture.completeExceptionally(CompletableFuture.java:2162)
	at scala.meta.internal.metals.CancelTokens$.$anonfun$future$1(CancelTokens.scala:40)
	at scala.meta.internal.metals.CancelTokens$.$anonfun$future$1$adapted(CancelTokens.scala:38)
	at scala.concurrent.impl.Promise$Transformation.run(Promise.scala:484)
	at java.base/java.util.concurrent.ThreadPoolExecutor.runWorker(ThreadPoolExecutor.java:1136)
	at java.base/java.util.concurrent.ThreadPoolExecutor$Worker.run(ThreadPoolExecutor.java:635)
	at java.base/java.lang.Thread.run(Thread.java:833)
Caused by: java.lang.ArrayIndexOutOfBoundsException: Index 2312 out of bounds for length 2312
	at scala.meta.internal.parsing.FoldingRangeExtractor$Foldable$.isScala3BlockWithoutOptionalBraces(FoldingRangeExtractor.scala:248)
	at scala.meta.internal.parsing.FoldingRangeExtractor$Foldable$.unapply(FoldingRangeExtractor.scala:199)
	at scala.meta.internal.parsing.FoldingRangeExtractor.extractFrom(FoldingRangeExtractor.scala:36)
	at scala.meta.internal.parsing.FoldingRangeExtractor.$anonfun$extractFrom$2(FoldingRangeExtractor.scala:56)
	at scala.meta.internal.parsing.FoldingRangeExtractor.$anonfun$extractFrom$2$adapted(FoldingRangeExtractor.scala:51)
	at scala.collection.immutable.List.foreach(List.scala:333)
	at scala.meta.internal.parsing.FoldingRangeExtractor.extractFrom(FoldingRangeExtractor.scala:51)
	at scala.meta.internal.parsing.FoldingRangeExtractor.$anonfun$extractFrom$2(FoldingRangeExtractor.scala:56)
	at scala.meta.internal.parsing.FoldingRangeExtractor.$anonfun$extractFrom$2$adapted(FoldingRangeExtractor.scala:51)
	at scala.collection.immutable.List.foreach(List.scala:333)
	at scala.meta.internal.parsing.FoldingRangeExtractor.extractFrom(FoldingRangeExtractor.scala:51)
	at scala.meta.internal.parsing.FoldingRangeExtractor.extract(FoldingRangeExtractor.scala:29)
	at scala.meta.internal.parsing.FoldingRangeProvider.$anonfun$getRangedForScala$3(FoldingRangeProvider.scala:40)
	at scala.Option.map(Option.scala:242)
	at scala.meta.internal.parsing.FoldingRangeProvider.$anonfun$getRangedForScala$2(FoldingRangeProvider.scala:33)
	at scala.Option$WithFilter.flatMap(Option.scala:283)
	at scala.meta.internal.parsing.FoldingRangeProvider.getRangedForScala(FoldingRangeProvider.scala:31)
	at scala.meta.internal.metals.MetalsLanguageServer.$anonfun$foldingRange$2(MetalsLanguageServer.scala:1705)
	at scala.concurrent.impl.Promise$Transformation.run(Promise.scala:467)
	... 3 more

Sep 13, 2022 1:38:18 AM org.eclipse.lsp4j.jsonrpc.RemoteEndpoint fallbackResponseError
SEVERE: Internal error: java.lang.ArrayIndexOutOfBoundsException: Index 2312 out of bounds for length 2312
java.util.concurrent.CompletionException: java.lang.ArrayIndexOutOfBoundsException: Index 2312 out of bounds for length 2312
	at java.base/java.util.concurrent.CompletableFuture.encodeThrowable(CompletableFuture.java:332)
	at java.base/java.util.concurrent.CompletableFuture.completeThrowable(CompletableFuture.java:347)
	at java.base/java.util.concurrent.CompletableFuture$UniAccept.tryFire(CompletableFuture.java:708)
	at java.base/java.util.concurrent.CompletableFuture.postComplete(CompletableFuture.java:510)
	at java.base/java.util.concurrent.CompletableFuture.completeExceptionally(CompletableFuture.java:2162)
	at scala.meta.internal.metals.CancelTokens$.$anonfun$future$1(CancelTokens.scala:40)
	at scala.meta.internal.metals.CancelTokens$.$anonfun$future$1$adapted(CancelTokens.scala:38)
	at scala.concurrent.impl.Promise$Transformation.run(Promise.scala:484)
	at java.base/java.util.concurrent.ThreadPoolExecutor.runWorker(ThreadPoolExecutor.java:1136)
	at java.base/java.util.concurrent.ThreadPoolExecutor$Worker.run(ThreadPoolExecutor.java:635)
	at java.base/java.lang.Thread.run(Thread.java:833)
Caused by: java.lang.ArrayIndexOutOfBoundsException: Index 2312 out of bounds for length 2312
	at scala.meta.internal.parsing.FoldingRangeExtractor$Foldable$.isScala3BlockWithoutOptionalBraces(FoldingRangeExtractor.scala:248)
	at scala.meta.internal.parsing.FoldingRangeExtractor$Foldable$.unapply(FoldingRangeExtractor.scala:199)
	at scala.meta.internal.parsing.FoldingRangeExtractor.extractFrom(FoldingRangeExtractor.scala:36)
	at scala.meta.internal.parsing.FoldingRangeExtractor.$anonfun$extractFrom$2(FoldingRangeExtractor.scala:56)
	at scala.meta.internal.parsing.FoldingRangeExtractor.$anonfun$extractFrom$2$adapted(FoldingRangeExtractor.scala:51)
	at scala.collection.immutable.List.foreach(List.scala:333)
	at scala.meta.internal.parsing.FoldingRangeExtractor.extractFrom(FoldingRangeExtractor.scala:51)
	at scala.meta.internal.parsing.FoldingRangeExtractor.$anonfun$extractFrom$2(FoldingRangeExtractor.scala:56)
	at scala.meta.internal.parsing.FoldingRangeExtractor.$anonfun$extractFrom$2$adapted(FoldingRangeExtractor.scala:51)
	at scala.collection.immutable.List.foreach(List.scala:333)
	at scala.meta.internal.parsing.FoldingRangeExtractor.extractFrom(FoldingRangeExtractor.scala:51)
	at scala.meta.internal.parsing.FoldingRangeExtractor.extract(FoldingRangeExtractor.scala:29)
	at scala.meta.internal.parsing.FoldingRangeProvider.$anonfun$getRangedForScala$3(FoldingRangeProvider.scala:40)
	at scala.Option.map(Option.scala:242)
	at scala.meta.internal.parsing.FoldingRangeProvider.$anonfun$getRangedForScala$2(FoldingRangeProvider.scala:33)
	at scala.Option$WithFilter.flatMap(Option.scala:283)
	at scala.meta.internal.parsing.FoldingRangeProvider.getRangedForScala(FoldingRangeProvider.scala:31)
	at scala.meta.internal.metals.MetalsLanguageServer.$anonfun$foldingRange$2(MetalsLanguageServer.scala:1705)
	at scala.concurrent.impl.Promise$Transformation.run(Promise.scala:467)
	... 3 more

Sep 13, 2022 1:38:18 AM org.eclipse.lsp4j.jsonrpc.RemoteEndpoint fallbackResponseError
SEVERE: Internal error: java.lang.ArrayIndexOutOfBoundsException: Index 2312 out of bounds for length 2312
java.util.concurrent.CompletionException: java.lang.ArrayIndexOutOfBoundsException: Index 2312 out of bounds for length 2312
	at java.base/java.util.concurrent.CompletableFuture.encodeThrowable(CompletableFuture.java:332)
	at java.base/java.util.concurrent.CompletableFuture.completeThrowable(CompletableFuture.java:347)
	at java.base/java.util.concurrent.CompletableFuture$UniAccept.tryFire(CompletableFuture.java:708)
	at java.base/java.util.concurrent.CompletableFuture.postComplete(CompletableFuture.java:510)
	at java.base/java.util.concurrent.CompletableFuture.completeExceptionally(CompletableFuture.java:2162)
	at scala.meta.internal.metals.CancelTokens$.$anonfun$future$1(CancelTokens.scala:40)
	at scala.meta.internal.metals.CancelTokens$.$anonfun$future$1$adapted(CancelTokens.scala:38)
	at scala.concurrent.impl.Promise$Transformation.run(Promise.scala:484)
	at java.base/java.util.concurrent.ThreadPoolExecutor.runWorker(ThreadPoolExecutor.java:1136)
	at java.base/java.util.concurrent.ThreadPoolExecutor$Worker.run(ThreadPoolExecutor.java:635)
	at java.base/java.lang.Thread.run(Thread.java:833)
Caused by: java.lang.ArrayIndexOutOfBoundsException: Index 2312 out of bounds for length 2312
	at scala.meta.internal.parsing.FoldingRangeExtractor$Foldable$.isScala3BlockWithoutOptionalBraces(FoldingRangeExtractor.scala:248)
	at scala.meta.internal.parsing.FoldingRangeExtractor$Foldable$.unapply(FoldingRangeExtractor.scala:199)
	at scala.meta.internal.parsing.FoldingRangeExtractor.extractFrom(FoldingRangeExtractor.scala:36)
	at scala.meta.internal.parsing.FoldingRangeExtractor.$anonfun$extractFrom$2(FoldingRangeExtractor.scala:56)
	at scala.meta.internal.parsing.FoldingRangeExtractor.$anonfun$extractFrom$2$adapted(FoldingRangeExtractor.scala:51)
	at scala.collection.immutable.List.foreach(List.scala:333)
	at scala.meta.internal.parsing.FoldingRangeExtractor.extractFrom(FoldingRangeExtractor.scala:51)
	at scala.meta.internal.parsing.FoldingRangeExtractor.$anonfun$extractFrom$2(FoldingRangeExtractor.scala:56)
	at scala.meta.internal.parsing.FoldingRangeExtractor.$anonfun$extractFrom$2$adapted(FoldingRangeExtractor.scala:51)
	at scala.collection.immutable.List.foreach(List.scala:333)
	at scala.meta.internal.parsing.FoldingRangeExtractor.extractFrom(FoldingRangeExtractor.scala:51)
	at scala.meta.internal.parsing.FoldingRangeExtractor.extract(FoldingRangeExtractor.scala:29)
	at scala.meta.internal.parsing.FoldingRangeProvider.$anonfun$getRangedForScala$3(FoldingRangeProvider.scala:40)
	at scala.Option.map(Option.scala:242)
	at scala.meta.internal.parsing.FoldingRangeProvider.$anonfun$getRangedForScala$2(FoldingRangeProvider.scala:33)
	at scala.Option$WithFilter.flatMap(Option.scala:283)
	at scala.meta.internal.parsing.FoldingRangeProvider.getRangedForScala(FoldingRangeProvider.scala:31)
	at scala.meta.internal.metals.MetalsLanguageServer.$anonfun$foldingRange$2(MetalsLanguageServer.scala:1705)
	at scala.concurrent.impl.Promise$Transformation.run(Promise.scala:467)
	... 3 more

Sep 13, 2022 1:38:19 AM org.eclipse.lsp4j.jsonrpc.RemoteEndpoint fallbackResponseError
SEVERE: Internal error: java.lang.ArrayIndexOutOfBoundsException: Index 2312 out of bounds for length 2312
java.util.concurrent.CompletionException: java.lang.ArrayIndexOutOfBoundsException: Index 2312 out of bounds for length 2312
	at java.base/java.util.concurrent.CompletableFuture.encodeThrowable(CompletableFuture.java:332)
	at java.base/java.util.concurrent.CompletableFuture.completeThrowable(CompletableFuture.java:347)
	at java.base/java.util.concurrent.CompletableFuture$UniAccept.tryFire(CompletableFuture.java:708)
	at java.base/java.util.concurrent.CompletableFuture.postComplete(CompletableFuture.java:510)
	at java.base/java.util.concurrent.CompletableFuture.completeExceptionally(CompletableFuture.java:2162)
	at scala.meta.internal.metals.CancelTokens$.$anonfun$future$1(CancelTokens.scala:40)
	at scala.meta.internal.metals.CancelTokens$.$anonfun$future$1$adapted(CancelTokens.scala:38)
	at scala.concurrent.impl.Promise$Transformation.run(Promise.scala:484)
	at java.base/java.util.concurrent.ThreadPoolExecutor.runWorker(ThreadPoolExecutor.java:1136)
	at java.base/java.util.concurrent.ThreadPoolExecutor$Worker.run(ThreadPoolExecutor.java:635)
	at java.base/java.lang.Thread.run(Thread.java:833)
Caused by: java.lang.ArrayIndexOutOfBoundsException: Index 2312 out of bounds for length 2312
	at scala.meta.internal.parsing.FoldingRangeExtractor$Foldable$.isScala3BlockWithoutOptionalBraces(FoldingRangeExtractor.scala:248)
	at scala.meta.internal.parsing.FoldingRangeExtractor$Foldable$.unapply(FoldingRangeExtractor.scala:199)
	at scala.meta.internal.parsing.FoldingRangeExtractor.extractFrom(FoldingRangeExtractor.scala:36)
	at scala.meta.internal.parsing.FoldingRangeExtractor.$anonfun$extractFrom$2(FoldingRangeExtractor.scala:56)
	at scala.meta.internal.parsing.FoldingRangeExtractor.$anonfun$extractFrom$2$adapted(FoldingRangeExtractor.scala:51)
	at scala.collection.immutable.List.foreach(List.scala:333)
	at scala.meta.internal.parsing.FoldingRangeExtractor.extractFrom(FoldingRangeExtractor.scala:51)
	at scala.meta.internal.parsing.FoldingRangeExtractor.$anonfun$extractFrom$2(FoldingRangeExtractor.scala:56)
	at scala.meta.internal.parsing.FoldingRangeExtractor.$anonfun$extractFrom$2$adapted(FoldingRangeExtractor.scala:51)
	at scala.collection.immutable.List.foreach(List.scala:333)
	at scala.meta.internal.parsing.FoldingRangeExtractor.extractFrom(FoldingRangeExtractor.scala:51)
	at scala.meta.internal.parsing.FoldingRangeExtractor.extract(FoldingRangeExtractor.scala:29)
	at scala.meta.internal.parsing.FoldingRangeProvider.$anonfun$getRangedForScala$3(FoldingRangeProvider.scala:40)
	at scala.Option.map(Option.scala:242)
	at scala.meta.internal.parsing.FoldingRangeProvider.$anonfun$getRangedForScala$2(FoldingRangeProvider.scala:33)
	at scala.Option$WithFilter.flatMap(Option.scala:283)
	at scala.meta.internal.parsing.FoldingRangeProvider.getRangedForScala(FoldingRangeProvider.scala:31)
	at scala.meta.internal.metals.MetalsLanguageServer.$anonfun$foldingRange$2(MetalsLanguageServer.scala:1705)
	at scala.concurrent.impl.Promise$Transformation.run(Promise.scala:467)
	... 3 more

Sep 13, 2022 1:38:20 AM org.eclipse.lsp4j.jsonrpc.RemoteEndpoint fallbackResponseError
SEVERE: Internal error: java.lang.ArrayIndexOutOfBoundsException: Index 2312 out of bounds for length 2312
java.util.concurrent.CompletionException: java.lang.ArrayIndexOutOfBoundsException: Index 2312 out of bounds for length 2312
	at java.base/java.util.concurrent.CompletableFuture.encodeThrowable(CompletableFuture.java:332)
	at java.base/java.util.concurrent.CompletableFuture.completeThrowable(CompletableFuture.java:347)
	at java.base/java.util.concurrent.CompletableFuture$UniAccept.tryFire(CompletableFuture.java:708)
	at java.base/java.util.concurrent.CompletableFuture.postComplete(CompletableFuture.java:510)
	at java.base/java.util.concurrent.CompletableFuture.completeExceptionally(CompletableFuture.java:2162)
	at scala.meta.internal.metals.CancelTokens$.$anonfun$future$1(CancelTokens.scala:40)
	at scala.meta.internal.metals.CancelTokens$.$anonfun$future$1$adapted(CancelTokens.scala:38)
	at scala.concurrent.impl.Promise$Transformation.run(Promise.scala:484)
	at java.base/java.util.concurrent.ThreadPoolExecutor.runWorker(ThreadPoolExecutor.java:1136)
	at java.base/java.util.concurrent.ThreadPoolExecutor$Worker.run(ThreadPoolExecutor.java:635)
	at java.base/java.lang.Thread.run(Thread.java:833)
Caused by: java.lang.ArrayIndexOutOfBoundsException: Index 2312 out of bounds for length 2312
	at scala.meta.internal.parsing.FoldingRangeExtractor$Foldable$.isScala3BlockWithoutOptionalBraces(FoldingRangeExtractor.scala:248)
	at scala.meta.internal.parsing.FoldingRangeExtractor$Foldable$.unapply(FoldingRangeExtractor.scala:199)
	at scala.meta.internal.parsing.FoldingRangeExtractor.extractFrom(FoldingRangeExtractor.scala:36)
	at scala.meta.internal.parsing.FoldingRangeExtractor.$anonfun$extractFrom$2(FoldingRangeExtractor.scala:56)
	at scala.meta.internal.parsing.FoldingRangeExtractor.$anonfun$extractFrom$2$adapted(FoldingRangeExtractor.scala:51)
	at scala.collection.immutable.List.foreach(List.scala:333)
	at scala.meta.internal.parsing.FoldingRangeExtractor.extractFrom(FoldingRangeExtractor.scala:51)
	at scala.meta.internal.parsing.FoldingRangeExtractor.$anonfun$extractFrom$2(FoldingRangeExtractor.scala:56)
	at scala.meta.internal.parsing.FoldingRangeExtractor.$anonfun$extractFrom$2$adapted(FoldingRangeExtractor.scala:51)
	at scala.collection.immutable.List.foreach(List.scala:333)
	at scala.meta.internal.parsing.FoldingRangeExtractor.extractFrom(FoldingRangeExtractor.scala:51)
	at scala.meta.internal.parsing.FoldingRangeExtractor.extract(FoldingRangeExtractor.scala:29)
	at scala.meta.internal.parsing.FoldingRangeProvider.$anonfun$getRangedForScala$3(FoldingRangeProvider.scala:40)
	at scala.Option.map(Option.scala:242)
	at scala.meta.internal.parsing.FoldingRangeProvider.$anonfun$getRangedForScala$2(FoldingRangeProvider.scala:33)
	at scala.Option$WithFilter.flatMap(Option.scala:283)
	at scala.meta.internal.parsing.FoldingRangeProvider.getRangedForScala(FoldingRangeProvider.scala:31)
	at scala.meta.internal.metals.MetalsLanguageServer.$anonfun$foldingRange$2(MetalsLanguageServer.scala:1705)
	at scala.concurrent.impl.Promise$Transformation.run(Promise.scala:467)
	... 3 more

2022.09.13 01:38:20 WARN  no build target for: /home/lordzampa/Desktop/UCSC/2nd_year/1st_semester/SCS2204_Functional_Programming/Scala_Tutorial_07/Q1and2.scala[0m
Sep 13, 2022 1:38:21 AM org.eclipse.lsp4j.jsonrpc.RemoteEndpoint fallbackResponseError
SEVERE: Internal error: java.lang.ArrayIndexOutOfBoundsException: Index 2312 out of bounds for length 2312
java.util.concurrent.CompletionException: java.lang.ArrayIndexOutOfBoundsException: Index 2312 out of bounds for length 2312
	at java.base/java.util.concurrent.CompletableFuture.encodeThrowable(CompletableFuture.java:332)
	at java.base/java.util.concurrent.CompletableFuture.completeThrowable(CompletableFuture.java:347)
	at java.base/java.util.concurrent.CompletableFuture$UniAccept.tryFire(CompletableFuture.java:708)
	at java.base/java.util.concurrent.CompletableFuture.postComplete(CompletableFuture.java:510)
	at java.base/java.util.concurrent.CompletableFuture.completeExceptionally(CompletableFuture.java:2162)
	at scala.meta.internal.metals.CancelTokens$.$anonfun$future$1(CancelTokens.scala:40)
	at scala.meta.internal.metals.CancelTokens$.$anonfun$future$1$adapted(CancelTokens.scala:38)
	at scala.concurrent.impl.Promise$Transformation.run(Promise.scala:484)
	at java.base/java.util.concurrent.ThreadPoolExecutor.runWorker(ThreadPoolExecutor.java:1136)
	at java.base/java.util.concurrent.ThreadPoolExecutor$Worker.run(ThreadPoolExecutor.java:635)
	at java.base/java.lang.Thread.run(Thread.java:833)
Caused by: java.lang.ArrayIndexOutOfBoundsException: Index 2312 out of bounds for length 2312
	at scala.meta.internal.parsing.FoldingRangeExtractor$Foldable$.isScala3BlockWithoutOptionalBraces(FoldingRangeExtractor.scala:248)
	at scala.meta.internal.parsing.FoldingRangeExtractor$Foldable$.unapply(FoldingRangeExtractor.scala:199)
	at scala.meta.internal.parsing.FoldingRangeExtractor.extractFrom(FoldingRangeExtractor.scala:36)
	at scala.meta.internal.parsing.FoldingRangeExtractor.$anonfun$extractFrom$2(FoldingRangeExtractor.scala:56)
	at scala.meta.internal.parsing.FoldingRangeExtractor.$anonfun$extractFrom$2$adapted(FoldingRangeExtractor.scala:51)
	at scala.collection.immutable.List.foreach(List.scala:333)
	at scala.meta.internal.parsing.FoldingRangeExtractor.extractFrom(FoldingRangeExtractor.scala:51)
	at scala.meta.internal.parsing.FoldingRangeExtractor.$anonfun$extractFrom$2(FoldingRangeExtractor.scala:56)
	at scala.meta.internal.parsing.FoldingRangeExtractor.$anonfun$extractFrom$2$adapted(FoldingRangeExtractor.scala:51)
	at scala.collection.immutable.List.foreach(List.scala:333)
	at scala.meta.internal.parsing.FoldingRangeExtractor.extractFrom(FoldingRangeExtractor.scala:51)
	at scala.meta.internal.parsing.FoldingRangeExtractor.extract(FoldingRangeExtractor.scala:29)
	at scala.meta.internal.parsing.FoldingRangeProvider.$anonfun$getRangedForScala$3(FoldingRangeProvider.scala:40)
	at scala.Option.map(Option.scala:242)
	at scala.meta.internal.parsing.FoldingRangeProvider.$anonfun$getRangedForScala$2(FoldingRangeProvider.scala:33)
	at scala.Option$WithFilter.flatMap(Option.scala:283)
	at scala.meta.internal.parsing.FoldingRangeProvider.getRangedForScala(FoldingRangeProvider.scala:31)
	at scala.meta.internal.metals.MetalsLanguageServer.$anonfun$foldingRange$2(MetalsLanguageServer.scala:1705)
	at scala.concurrent.impl.Promise$Transformation.run(Promise.scala:467)
	... 3 more

Sep 13, 2022 1:38:22 AM org.eclipse.lsp4j.jsonrpc.RemoteEndpoint fallbackResponseError
SEVERE: Internal error: java.lang.ArrayIndexOutOfBoundsException: Index 2312 out of bounds for length 2312
java.util.concurrent.CompletionException: java.lang.ArrayIndexOutOfBoundsException: Index 2312 out of bounds for length 2312
	at java.base/java.util.concurrent.CompletableFuture.encodeThrowable(CompletableFuture.java:332)
	at java.base/java.util.concurrent.CompletableFuture.completeThrowable(CompletableFuture.java:347)
	at java.base/java.util.concurrent.CompletableFuture$UniAccept.tryFire(CompletableFuture.java:708)
	at java.base/java.util.concurrent.CompletableFuture.postComplete(CompletableFuture.java:510)
	at java.base/java.util.concurrent.CompletableFuture.completeExceptionally(CompletableFuture.java:2162)
	at scala.meta.internal.metals.CancelTokens$.$anonfun$future$1(CancelTokens.scala:40)
	at scala.meta.internal.metals.CancelTokens$.$anonfun$future$1$adapted(CancelTokens.scala:38)
	at scala.concurrent.impl.Promise$Transformation.run(Promise.scala:484)
	at java.base/java.util.concurrent.ThreadPoolExecutor.runWorker(ThreadPoolExecutor.java:1136)
	at java.base/java.util.concurrent.ThreadPoolExecutor$Worker.run(ThreadPoolExecutor.java:635)
	at java.base/java.lang.Thread.run(Thread.java:833)
Caused by: java.lang.ArrayIndexOutOfBoundsException: Index 2312 out of bounds for length 2312
	at scala.meta.internal.parsing.FoldingRangeExtractor$Foldable$.isScala3BlockWithoutOptionalBraces(FoldingRangeExtractor.scala:248)
	at scala.meta.internal.parsing.FoldingRangeExtractor$Foldable$.unapply(FoldingRangeExtractor.scala:199)
	at scala.meta.internal.parsing.FoldingRangeExtractor.extractFrom(FoldingRangeExtractor.scala:36)
	at scala.meta.internal.parsing.FoldingRangeExtractor.$anonfun$extractFrom$2(FoldingRangeExtractor.scala:56)
	at scala.meta.internal.parsing.FoldingRangeExtractor.$anonfun$extractFrom$2$adapted(FoldingRangeExtractor.scala:51)
	at scala.collection.immutable.List.foreach(List.scala:333)
	at scala.meta.internal.parsing.FoldingRangeExtractor.extractFrom(FoldingRangeExtractor.scala:51)
	at scala.meta.internal.parsing.FoldingRangeExtractor.$anonfun$extractFrom$2(FoldingRangeExtractor.scala:56)
	at scala.meta.internal.parsing.FoldingRangeExtractor.$anonfun$extractFrom$2$adapted(FoldingRangeExtractor.scala:51)
	at scala.collection.immutable.List.foreach(List.scala:333)
	at scala.meta.internal.parsing.FoldingRangeExtractor.extractFrom(FoldingRangeExtractor.scala:51)
	at scala.meta.internal.parsing.FoldingRangeExtractor.extract(FoldingRangeExtractor.scala:29)
	at scala.meta.internal.parsing.FoldingRangeProvider.$anonfun$getRangedForScala$3(FoldingRangeProvider.scala:40)
	at scala.Option.map(Option.scala:242)
	at scala.meta.internal.parsing.FoldingRangeProvider.$anonfun$getRangedForScala$2(FoldingRangeProvider.scala:33)
	at scala.Option$WithFilter.flatMap(Option.scala:283)
	at scala.meta.internal.parsing.FoldingRangeProvider.getRangedForScala(FoldingRangeProvider.scala:31)
	at scala.meta.internal.metals.MetalsLanguageServer.$anonfun$foldingRange$2(MetalsLanguageServer.scala:1705)
	at scala.concurrent.impl.Promise$Transformation.run(Promise.scala:467)
	... 3 more

2022.09.13 01:38:23 WARN  no build target for: /home/lordzampa/Desktop/UCSC/2nd_year/1st_semester/SCS2204_Functional_Programming/Scala_Tutorial_07/Q1and2.scala[0m
Sep 13, 2022 1:38:30 AM org.eclipse.lsp4j.jsonrpc.RemoteEndpoint fallbackResponseError
SEVERE: Internal error: java.lang.ArrayIndexOutOfBoundsException: Index 2323 out of bounds for length 2323
java.util.concurrent.CompletionException: java.lang.ArrayIndexOutOfBoundsException: Index 2323 out of bounds for length 2323
	at java.base/java.util.concurrent.CompletableFuture.encodeThrowable(CompletableFuture.java:332)
	at java.base/java.util.concurrent.CompletableFuture.completeThrowable(CompletableFuture.java:347)
	at java.base/java.util.concurrent.CompletableFuture$UniAccept.tryFire(CompletableFuture.java:708)
	at java.base/java.util.concurrent.CompletableFuture.postComplete(CompletableFuture.java:510)
	at java.base/java.util.concurrent.CompletableFuture.completeExceptionally(CompletableFuture.java:2162)
	at scala.meta.internal.metals.CancelTokens$.$anonfun$future$1(CancelTokens.scala:40)
	at scala.meta.internal.metals.CancelTokens$.$anonfun$future$1$adapted(CancelTokens.scala:38)
	at scala.concurrent.impl.Promise$Transformation.run(Promise.scala:484)
	at java.base/java.util.concurrent.ThreadPoolExecutor.runWorker(ThreadPoolExecutor.java:1136)
	at java.base/java.util.concurrent.ThreadPoolExecutor$Worker.run(ThreadPoolExecutor.java:635)
	at java.base/java.lang.Thread.run(Thread.java:833)
Caused by: java.lang.ArrayIndexOutOfBoundsException: Index 2323 out of bounds for length 2323
	at scala.meta.internal.parsing.FoldingRangeExtractor$Foldable$.isScala3BlockWithoutOptionalBraces(FoldingRangeExtractor.scala:248)
	at scala.meta.internal.parsing.FoldingRangeExtractor$Foldable$.unapply(FoldingRangeExtractor.scala:199)
	at scala.meta.internal.parsing.FoldingRangeExtractor.extractFrom(FoldingRangeExtractor.scala:36)
	at scala.meta.internal.parsing.FoldingRangeExtractor.$anonfun$extractFrom$2(FoldingRangeExtractor.scala:56)
	at scala.meta.internal.parsing.FoldingRangeExtractor.$anonfun$extractFrom$2$adapted(FoldingRangeExtractor.scala:51)
	at scala.collection.immutable.List.foreach(List.scala:333)
	at scala.meta.internal.parsing.FoldingRangeExtractor.extractFrom(FoldingRangeExtractor.scala:51)
	at scala.meta.internal.parsing.FoldingRangeExtractor.$anonfun$extractFrom$2(FoldingRangeExtractor.scala:56)
	at scala.meta.internal.parsing.FoldingRangeExtractor.$anonfun$extractFrom$2$adapted(FoldingRangeExtractor.scala:51)
	at scala.collection.immutable.List.foreach(List.scala:333)
	at scala.meta.internal.parsing.FoldingRangeExtractor.extractFrom(FoldingRangeExtractor.scala:51)
	at scala.meta.internal.parsing.FoldingRangeExtractor.extract(FoldingRangeExtractor.scala:29)
	at scala.meta.internal.parsing.FoldingRangeProvider.$anonfun$getRangedForScala$3(FoldingRangeProvider.scala:40)
	at scala.Option.map(Option.scala:242)
	at scala.meta.internal.parsing.FoldingRangeProvider.$anonfun$getRangedForScala$2(FoldingRangeProvider.scala:33)
	at scala.Option$WithFilter.flatMap(Option.scala:283)
	at scala.meta.internal.parsing.FoldingRangeProvider.getRangedForScala(FoldingRangeProvider.scala:31)
	at scala.meta.internal.metals.MetalsLanguageServer.$anonfun$foldingRange$2(MetalsLanguageServer.scala:1705)
	at scala.concurrent.impl.Promise$Transformation.run(Promise.scala:467)
	... 3 more

2022.09.13 01:38:31 WARN  no build target for: /home/lordzampa/Desktop/UCSC/2nd_year/1st_semester/SCS2204_Functional_Programming/Scala_Tutorial_07/Q1and2.scala[0m
2022.09.13 01:38:50 WARN  no build target for: /home/lordzampa/Desktop/UCSC/2nd_year/1st_semester/SCS2204_Functional_Programming/Scala_Tutorial_07/Q1and2.scala[0m
2022.09.13 01:40:17 WARN  no build target for: /home/lordzampa/Desktop/UCSC/2nd_year/1st_semester/SCS2204_Functional_Programming/Scala_Tutorial_07/Q1and2.scala[0m
2022.09.13 01:40:19 WARN  no build target for: /home/lordzampa/Desktop/UCSC/2nd_year/1st_semester/SCS2204_Functional_Programming/Scala_Tutorial_07/Q1and2.scala[0m
2022.09.13 01:40:28 WARN  no build target for: /home/lordzampa/Desktop/UCSC/2nd_year/1st_semester/SCS2204_Functional_Programming/Scala_Tutorial_07/Q1and2.scala[0m
2022.09.13 01:40:38 WARN  no build target for: /home/lordzampa/Desktop/UCSC/2nd_year/1st_semester/SCS2204_Functional_Programming/Scala_Tutorial_07/Q1and2.scala[0m
2022.09.13 01:40:40 WARN  no build target for: /home/lordzampa/Desktop/UCSC/2nd_year/1st_semester/SCS2204_Functional_Programming/Scala_Tutorial_07/Q1and2.scala[0m
2022.09.13 01:40:43 WARN  no build target for: /home/lordzampa/Desktop/UCSC/2nd_year/1st_semester/SCS2204_Functional_Programming/Scala_Tutorial_07/Q1and2.scala[0m
2022.09.13 01:40:45 WARN  no build target for: /home/lordzampa/Desktop/UCSC/2nd_year/1st_semester/SCS2204_Functional_Programming/Scala_Tutorial_07/Q1and2.scala[0m
2022.09.13 01:40:46 WARN  no build target for: /home/lordzampa/Desktop/UCSC/2nd_year/1st_semester/SCS2204_Functional_Programming/Scala_Tutorial_07/Q1and2.scala[0m
2022.09.13 01:40:55 WARN  no build target for: /home/lordzampa/Desktop/UCSC/2nd_year/1st_semester/SCS2204_Functional_Programming/Scala_Tutorial_07/Q1and2.scala[0m
Sep 13, 2022 1:40:58 AM org.eclipse.lsp4j.jsonrpc.RemoteEndpoint handleCancellation
WARNING: Unmatched cancel notification for request id 276
2022.09.13 01:41:13 WARN  no build target for: /home/lordzampa/Desktop/UCSC/2nd_year/1st_semester/SCS2204_Functional_Programming/Scala_Tutorial_07/Q1and2.scala[0m
2022.09.13 01:45:11 WARN  no build target for: /home/lordzampa/Desktop/UCSC/2nd_year/1st_semester/SCS2204_Functional_Programming/Scala_Tutorial_07/Q1and2.scala[0m
2022.09.13 01:45:13 WARN  no build target for: /home/lordzampa/Desktop/UCSC/2nd_year/1st_semester/SCS2204_Functional_Programming/Scala_Tutorial_07/Q1and2.scala[0m
2022.09.13 01:45:14 WARN  no build target for: /home/lordzampa/Desktop/UCSC/2nd_year/1st_semester/SCS2204_Functional_Programming/Scala_Tutorial_07/Q1and2.scala[0m
2022.09.13 01:45:16 WARN  no build target for: /home/lordzampa/Desktop/UCSC/2nd_year/1st_semester/SCS2204_Functional_Programming/Scala_Tutorial_07/Q1and2.scala[0m
2022.09.13 01:46:32 WARN  no build target for: /home/lordzampa/Desktop/UCSC/2nd_year/1st_semester/SCS2204_Functional_Programming/Scala_Tutorial_07/Q1and2.scala[0m
2022.09.13 01:46:35 WARN  no build target for: /home/lordzampa/Desktop/UCSC/2nd_year/1st_semester/SCS2204_Functional_Programming/Scala_Tutorial_07/Q1and2.scala[0m
2022.09.13 01:46:41 WARN  no build target for: /home/lordzampa/Desktop/UCSC/2nd_year/1st_semester/SCS2204_Functional_Programming/Scala_Tutorial_07/Q1and2.scala[0m
2022.09.13 01:47:02 WARN  no build target for: /home/lordzampa/Desktop/UCSC/2nd_year/1st_semester/SCS2204_Functional_Programming/Scala_Tutorial_07/Q1and2.scala[0m
2022.09.13 01:47:03 WARN  no build target for: /home/lordzampa/Desktop/UCSC/2nd_year/1st_semester/SCS2204_Functional_Programming/Scala_Tutorial_07/Q1and2.scala[0m
2022.09.13 01:47:07 WARN  no build target for: /home/lordzampa/Desktop/UCSC/2nd_year/1st_semester/SCS2204_Functional_Programming/Scala_Tutorial_07/Q1and2.scala[0m
2022.09.13 01:47:17 WARN  no build target for: /home/lordzampa/Desktop/UCSC/2nd_year/1st_semester/SCS2204_Functional_Programming/Scala_Tutorial_07/Q1and2.scala[0m
2022.09.13 01:47:22 WARN  no build target for: /home/lordzampa/Desktop/UCSC/2nd_year/1st_semester/SCS2204_Functional_Programming/Scala_Tutorial_07/Q1and2.scala[0m
2022.09.13 01:47:23 WARN  no build target for: /home/lordzampa/Desktop/UCSC/2nd_year/1st_semester/SCS2204_Functional_Programming/Scala_Tutorial_07/Q1and2.scala[0m
2022.09.13 01:47:41 WARN  no build target for: /home/lordzampa/Desktop/UCSC/2nd_year/1st_semester/SCS2204_Functional_Programming/Scala_Tutorial_07/Q1and2.scala[0m
2022.09.13 01:47:47 WARN  no build target for: /home/lordzampa/Desktop/UCSC/2nd_year/1st_semester/SCS2204_Functional_Programming/Scala_Tutorial_07/Q1and2.scala[0m
2022.09.13 01:47:50 WARN  no build target for: /home/lordzampa/Desktop/UCSC/2nd_year/1st_semester/SCS2204_Functional_Programming/Scala_Tutorial_07/Q1and2.scala[0m
2022.09.13 01:48:13 WARN  no build target for: /home/lordzampa/Desktop/UCSC/2nd_year/1st_semester/SCS2204_Functional_Programming/Scala_Tutorial_07/Q1and2.scala[0m
2022.09.13 01:48:15 WARN  no build target for: /home/lordzampa/Desktop/UCSC/2nd_year/1st_semester/SCS2204_Functional_Programming/Scala_Tutorial_07/Q1and2.scala[0m
2022.09.13 01:48:20 WARN  no build target for: /home/lordzampa/Desktop/UCSC/2nd_year/1st_semester/SCS2204_Functional_Programming/Scala_Tutorial_07/Q1and2.scala[0m
2022.09.13 01:48:22 WARN  no build target for: /home/lordzampa/Desktop/UCSC/2nd_year/1st_semester/SCS2204_Functional_Programming/Scala_Tutorial_07/Q1and2.scala[0m
2022.09.13 01:48:29 WARN  no build target for: /home/lordzampa/Desktop/UCSC/2nd_year/1st_semester/SCS2204_Functional_Programming/Scala_Tutorial_07/Q1and2.scala[0m
2022.09.13 01:48:31 WARN  no build target for: /home/lordzampa/Desktop/UCSC/2nd_year/1st_semester/SCS2204_Functional_Programming/Scala_Tutorial_07/Q1and2.scala[0m
2022.09.13 01:49:10 WARN  no build target for: /home/lordzampa/Desktop/UCSC/2nd_year/1st_semester/SCS2204_Functional_Programming/Scala_Tutorial_07/Q1and2.scala[0m
2022.09.13 07:50:22 WARN  no build target for: /home/lordzampa/Desktop/UCSC/2nd_year/1st_semester/SCS2204_Functional_Programming/Scala_Tutorial_07/Q1and2.scala[0m
2022.09.13 07:50:24 WARN  no build target for: /home/lordzampa/Desktop/UCSC/2nd_year/1st_semester/SCS2204_Functional_Programming/Scala_Tutorial_07/Q1and2.scala[0m
2022.09.13 07:50:28 WARN  no build target for: /home/lordzampa/Desktop/UCSC/2nd_year/1st_semester/SCS2204_Functional_Programming/Scala_Tutorial_07/Q1and2.scala[0m
2022.09.13 07:50:30 WARN  no build target for: /home/lordzampa/Desktop/UCSC/2nd_year/1st_semester/SCS2204_Functional_Programming/Scala_Tutorial_07/Q1and2.scala[0m
2022.09.13 08:01:50 WARN  no build target for: /home/lordzampa/Desktop/UCSC/2nd_year/1st_semester/SCS2204_Functional_Programming/Scala_Tutorial_07/Q1and2.scala[0m
2022.09.13 08:01:56 WARN  no build target for: /home/lordzampa/Desktop/UCSC/2nd_year/1st_semester/SCS2204_Functional_Programming/Scala_Tutorial_07/Q1and2.scala[0m
2022.09.13 08:01:57 WARN  no build target for: /home/lordzampa/Desktop/UCSC/2nd_year/1st_semester/SCS2204_Functional_Programming/Scala_Tutorial_07/Q1and2.scala[0m
2022.09.13 08:02:01 WARN  no build target for: /home/lordzampa/Desktop/UCSC/2nd_year/1st_semester/SCS2204_Functional_Programming/Scala_Tutorial_07/Q1and2.scala[0m
2022.09.13 08:02:44 WARN  no build target for: /home/lordzampa/Desktop/UCSC/2nd_year/1st_semester/SCS2204_Functional_Programming/Scala_Tutorial_07/Q1and2.scala[0m
2022.09.13 08:04:55 WARN  no build target for: /home/lordzampa/Desktop/UCSC/2nd_year/1st_semester/SCS2204_Functional_Programming/Scala_Tutorial_07/Q1and2.scala[0m
2022.09.13 08:04:58 WARN  no build target for: /home/lordzampa/Desktop/UCSC/2nd_year/1st_semester/SCS2204_Functional_Programming/Scala_Tutorial_07/Q1and2.scala[0m
2022.09.13 08:13:04 WARN  no build target for: /home/lordzampa/Desktop/UCSC/2nd_year/1st_semester/SCS2204_Functional_Programming/Scala_Tutorial_07/Q1and2.scala[0m
2022.09.13 08:13:07 WARN  no build target for: /home/lordzampa/Desktop/UCSC/2nd_year/1st_semester/SCS2204_Functional_Programming/Scala_Tutorial_07/Q1and2.scala[0m
2022.09.13 08:13:09 WARN  no build target for: /home/lordzampa/Desktop/UCSC/2nd_year/1st_semester/SCS2204_Functional_Programming/Scala_Tutorial_07/Q1and2.scala[0m
2022.09.13 08:13:10 WARN  no build target for: /home/lordzampa/Desktop/UCSC/2nd_year/1st_semester/SCS2204_Functional_Programming/Scala_Tutorial_07/Q1and2.scala[0m
2022.09.13 08:13:15 WARN  no build target for: /home/lordzampa/Desktop/UCSC/2nd_year/1st_semester/SCS2204_Functional_Programming/Scala_Tutorial_07/Q1and2.scala[0m
2022.09.13 08:13:16 WARN  no build target for: /home/lordzampa/Desktop/UCSC/2nd_year/1st_semester/SCS2204_Functional_Programming/Scala_Tutorial_07/Q1and2.scala[0m
2022.09.13 08:13:18 WARN  no build target for: /home/lordzampa/Desktop/UCSC/2nd_year/1st_semester/SCS2204_Functional_Programming/Scala_Tutorial_07/Q1and2.scala[0m
2022.09.13 08:14:15 WARN  no build target for: /home/lordzampa/Desktop/UCSC/2nd_year/1st_semester/SCS2204_Functional_Programming/Scala_Tutorial_07/Q1and2.scala[0m
2022.09.13 08:14:19 WARN  no build target for: /home/lordzampa/Desktop/UCSC/2nd_year/1st_semester/SCS2204_Functional_Programming/Scala_Tutorial_07/Q1and2.scala[0m
2022.09.13 08:14:24 WARN  no build target for: /home/lordzampa/Desktop/UCSC/2nd_year/1st_semester/SCS2204_Functional_Programming/Scala_Tutorial_07/Q1and2.scala[0m
2022.09.13 08:14:26 WARN  no build target for: /home/lordzampa/Desktop/UCSC/2nd_year/1st_semester/SCS2204_Functional_Programming/Scala_Tutorial_07/Q1and2.scala[0m
2022.09.13 08:15:02 WARN  no build target for: /home/lordzampa/Desktop/UCSC/2nd_year/1st_semester/SCS2204_Functional_Programming/Scala_Tutorial_07/Q1and2.scala[0m
2022.09.13 08:15:07 WARN  no build target for: /home/lordzampa/Desktop/UCSC/2nd_year/1st_semester/SCS2204_Functional_Programming/Scala_Tutorial_07/Q1and2.scala[0m
2022.09.13 08:15:10 WARN  no build target for: /home/lordzampa/Desktop/UCSC/2nd_year/1st_semester/SCS2204_Functional_Programming/Scala_Tutorial_07/Q1and2.scala[0m
2022.09.13 08:15:48 WARN  no build target for: /home/lordzampa/Desktop/UCSC/2nd_year/1st_semester/SCS2204_Functional_Programming/Scala_Tutorial_07/Q1and2.scala[0m
2022.09.13 08:15:53 WARN  no build target for: /home/lordzampa/Desktop/UCSC/2nd_year/1st_semester/SCS2204_Functional_Programming/Scala_Tutorial_07/Q1and2.scala[0m
2022.09.13 08:15:54 WARN  no build target for: /home/lordzampa/Desktop/UCSC/2nd_year/1st_semester/SCS2204_Functional_Programming/Scala_Tutorial_07/Q1and2.scala[0m
2022.09.13 08:15:56 WARN  no build target for: /home/lordzampa/Desktop/UCSC/2nd_year/1st_semester/SCS2204_Functional_Programming/Scala_Tutorial_07/Q1and2.scala[0m
2022.09.13 08:16:01 WARN  no build target for: /home/lordzampa/Desktop/UCSC/2nd_year/1st_semester/SCS2204_Functional_Programming/Scala_Tutorial_07/Q1and2.scala[0m
2022.09.13 08:16:03 WARN  no build target for: /home/lordzampa/Desktop/UCSC/2nd_year/1st_semester/SCS2204_Functional_Programming/Scala_Tutorial_07/Q1and2.scala[0m
2022.09.13 08:16:08 WARN  no build target for: /home/lordzampa/Desktop/UCSC/2nd_year/1st_semester/SCS2204_Functional_Programming/Scala_Tutorial_07/Q1and2.scala[0m
2022.09.13 08:16:11 WARN  no build target for: /home/lordzampa/Desktop/UCSC/2nd_year/1st_semester/SCS2204_Functional_Programming/Scala_Tutorial_07/Q1and2.scala[0m
2022.09.13 08:16:14 WARN  no build target for: /home/lordzampa/Desktop/UCSC/2nd_year/1st_semester/SCS2204_Functional_Programming/Scala_Tutorial_07/Q1and2.scala[0m
2022.09.13 08:16:18 WARN  no build target for: /home/lordzampa/Desktop/UCSC/2nd_year/1st_semester/SCS2204_Functional_Programming/Scala_Tutorial_07/Q1and2.scala[0m
2022.09.13 08:16:21 WARN  no build target for: /home/lordzampa/Desktop/UCSC/2nd_year/1st_semester/SCS2204_Functional_Programming/Scala_Tutorial_07/Q1and2.scala[0m
2022.09.13 08:16:23 WARN  no build target for: /home/lordzampa/Desktop/UCSC/2nd_year/1st_semester/SCS2204_Functional_Programming/Scala_Tutorial_07/Q1and2.scala[0m
2022.09.13 08:16:35 WARN  no build target for: /home/lordzampa/Desktop/UCSC/2nd_year/1st_semester/SCS2204_Functional_Programming/Scala_Tutorial_07/Q1and2.scala[0m
2022.09.13 08:16:40 WARN  no build target for: /home/lordzampa/Desktop/UCSC/2nd_year/1st_semester/SCS2204_Functional_Programming/Scala_Tutorial_07/Q1and2.scala[0m
2022.09.13 08:16:42 WARN  no build target for: /home/lordzampa/Desktop/UCSC/2nd_year/1st_semester/SCS2204_Functional_Programming/Scala_Tutorial_07/Q1and2.scala[0m
2022.09.13 08:16:43 WARN  no build target for: /home/lordzampa/Desktop/UCSC/2nd_year/1st_semester/SCS2204_Functional_Programming/Scala_Tutorial_07/Q1and2.scala[0m
2022.09.13 08:16:55 WARN  no build target for: /home/lordzampa/Desktop/UCSC/2nd_year/1st_semester/SCS2204_Functional_Programming/Scala_Tutorial_07/Q1and2.scala[0m
2022.09.13 08:16:56 WARN  no build target for: /home/lordzampa/Desktop/UCSC/2nd_year/1st_semester/SCS2204_Functional_Programming/Scala_Tutorial_07/Q1and2.scala[0m
2022.09.13 08:17:05 WARN  no build target for: /home/lordzampa/Desktop/UCSC/2nd_year/1st_semester/SCS2204_Functional_Programming/Scala_Tutorial_07/Q1and2.scala[0m
2022.09.13 08:17:10 WARN  no build target for: /home/lordzampa/Desktop/UCSC/2nd_year/1st_semester/SCS2204_Functional_Programming/Scala_Tutorial_07/Q1and2.scala[0m
2022.09.13 08:17:14 WARN  no build target for: /home/lordzampa/Desktop/UCSC/2nd_year/1st_semester/SCS2204_Functional_Programming/Scala_Tutorial_07/Q1and2.scala[0m
2022.09.13 08:17:19 WARN  no build target for: /home/lordzampa/Desktop/UCSC/2nd_year/1st_semester/SCS2204_Functional_Programming/Scala_Tutorial_07/Q1and2.scala[0m
2022.09.13 08:17:24 WARN  no build target for: /home/lordzampa/Desktop/UCSC/2nd_year/1st_semester/SCS2204_Functional_Programming/Scala_Tutorial_07/Q1and2.scala[0m
2022.09.13 08:17:55 WARN  no build target for: /home/lordzampa/Desktop/UCSC/2nd_year/1st_semester/SCS2204_Functional_Programming/Scala_Tutorial_07/Q1and2.scala[0m
2022.09.13 08:17:58 WARN  no build target for: /home/lordzampa/Desktop/UCSC/2nd_year/1st_semester/SCS2204_Functional_Programming/Scala_Tutorial_07/Q1and2.scala[0m
2022.09.13 08:18:01 WARN  no build target for: /home/lordzampa/Desktop/UCSC/2nd_year/1st_semester/SCS2204_Functional_Programming/Scala_Tutorial_07/Q1and2.scala[0m
2022.09.13 08:18:08 WARN  no build target for: /home/lordzampa/Desktop/UCSC/2nd_year/1st_semester/SCS2204_Functional_Programming/Scala_Tutorial_07/Q1and2.scala[0m
2022.09.13 08:18:11 WARN  no build target for: /home/lordzampa/Desktop/UCSC/2nd_year/1st_semester/SCS2204_Functional_Programming/Scala_Tutorial_07/Q1and2.scala[0m
2022.09.13 08:18:13 WARN  no build target for: /home/lordzampa/Desktop/UCSC/2nd_year/1st_semester/SCS2204_Functional_Programming/Scala_Tutorial_07/Q1and2.scala[0m
2022.09.13 08:18:15 WARN  no build target for: /home/lordzampa/Desktop/UCSC/2nd_year/1st_semester/SCS2204_Functional_Programming/Scala_Tutorial_07/Q1and2.scala[0m
2022.09.13 08:18:24 WARN  no build target for: /home/lordzampa/Desktop/UCSC/2nd_year/1st_semester/SCS2204_Functional_Programming/Scala_Tutorial_07/Q1and2.scala[0m
2022.09.13 08:18:27 WARN  no build target for: /home/lordzampa/Desktop/UCSC/2nd_year/1st_semester/SCS2204_Functional_Programming/Scala_Tutorial_07/Q1and2.scala[0m
2022.09.13 08:18:29 WARN  no build target for: /home/lordzampa/Desktop/UCSC/2nd_year/1st_semester/SCS2204_Functional_Programming/Scala_Tutorial_07/Q1and2.scala[0m
2022.09.13 08:18:34 WARN  no build target for: /home/lordzampa/Desktop/UCSC/2nd_year/1st_semester/SCS2204_Functional_Programming/Scala_Tutorial_07/Q1and2.scala[0m
2022.09.13 08:18:36 WARN  no build target for: /home/lordzampa/Desktop/UCSC/2nd_year/1st_semester/SCS2204_Functional_Programming/Scala_Tutorial_07/Q1and2.scala[0m
2022.09.13 08:18:38 WARN  no build target for: /home/lordzampa/Desktop/UCSC/2nd_year/1st_semester/SCS2204_Functional_Programming/Scala_Tutorial_07/Q1and2.scala[0m
2022.09.13 08:18:54 WARN  no build target for: /home/lordzampa/Desktop/UCSC/2nd_year/1st_semester/SCS2204_Functional_Programming/Scala_Tutorial_07/Q1and2.scala[0m
2022.09.13 08:18:58 WARN  no build target for: /home/lordzampa/Desktop/UCSC/2nd_year/1st_semester/SCS2204_Functional_Programming/Scala_Tutorial_07/Q1and2.scala[0m
2022.09.13 08:19:00 WARN  no build target for: /home/lordzampa/Desktop/UCSC/2nd_year/1st_semester/SCS2204_Functional_Programming/Scala_Tutorial_07/Q1and2.scala[0m
2022.09.13 08:19:06 WARN  no build target for: /home/lordzampa/Desktop/UCSC/2nd_year/1st_semester/SCS2204_Functional_Programming/Scala_Tutorial_07/Q1and2.scala[0m
2022.09.13 08:19:09 WARN  no build target for: /home/lordzampa/Desktop/UCSC/2nd_year/1st_semester/SCS2204_Functional_Programming/Scala_Tutorial_07/Q1and2.scala[0m
2022.09.13 08:19:10 WARN  no build target for: /home/lordzampa/Desktop/UCSC/2nd_year/1st_semester/SCS2204_Functional_Programming/Scala_Tutorial_07/Q1and2.scala[0m
2022.09.13 08:19:27 WARN  no build target for: /home/lordzampa/Desktop/UCSC/2nd_year/1st_semester/SCS2204_Functional_Programming/Scala_Tutorial_07/Q1and2.scala[0m
2022.09.13 08:19:34 WARN  no build target for: /home/lordzampa/Desktop/UCSC/2nd_year/1st_semester/SCS2204_Functional_Programming/Scala_Tutorial_07/Q1and2.scala[0m
2022.09.13 08:19:36 WARN  no build target for: /home/lordzampa/Desktop/UCSC/2nd_year/1st_semester/SCS2204_Functional_Programming/Scala_Tutorial_07/Q1and2.scala[0m
2022.09.13 08:19:38 WARN  no build target for: /home/lordzampa/Desktop/UCSC/2nd_year/1st_semester/SCS2204_Functional_Programming/Scala_Tutorial_07/Q1and2.scala[0m
2022.09.13 08:19:46 WARN  no build target for: /home/lordzampa/Desktop/UCSC/2nd_year/1st_semester/SCS2204_Functional_Programming/Scala_Tutorial_07/Q1and2.scala[0m
2022.09.13 08:19:50 WARN  no build target for: /home/lordzampa/Desktop/UCSC/2nd_year/1st_semester/SCS2204_Functional_Programming/Scala_Tutorial_07/Q1and2.scala[0m
2022.09.13 08:19:56 WARN  no build target for: /home/lordzampa/Desktop/UCSC/2nd_year/1st_semester/SCS2204_Functional_Programming/Scala_Tutorial_07/Q1and2.scala[0m
2022.09.13 08:20:00 WARN  no build target for: /home/lordzampa/Desktop/UCSC/2nd_year/1st_semester/SCS2204_Functional_Programming/Scala_Tutorial_07/Q1and2.scala[0m
2022.09.13 08:20:04 WARN  no build target for: /home/lordzampa/Desktop/UCSC/2nd_year/1st_semester/SCS2204_Functional_Programming/Scala_Tutorial_07/Q1and2.scala[0m
2022.09.13 08:20:06 WARN  no build target for: /home/lordzampa/Desktop/UCSC/2nd_year/1st_semester/SCS2204_Functional_Programming/Scala_Tutorial_07/Q1and2.scala[0m
2022.09.13 08:20:08 WARN  no build target for: /home/lordzampa/Desktop/UCSC/2nd_year/1st_semester/SCS2204_Functional_Programming/Scala_Tutorial_07/Q1and2.scala[0m
2022.09.13 08:20:15 WARN  no build target for: /home/lordzampa/Desktop/UCSC/2nd_year/1st_semester/SCS2204_Functional_Programming/Scala_Tutorial_07/Q1and2.scala[0m
2022.09.13 08:20:23 WARN  no build target for: /home/lordzampa/Desktop/UCSC/2nd_year/1st_semester/SCS2204_Functional_Programming/Scala_Tutorial_07/Q1and2.scala[0m
2022.09.13 08:20:42 WARN  no build target for: /home/lordzampa/Desktop/UCSC/2nd_year/1st_semester/SCS2204_Functional_Programming/Scala_Tutorial_07/Q1and2.scala[0m
2022.09.13 08:20:44 WARN  no build target for: /home/lordzampa/Desktop/UCSC/2nd_year/1st_semester/SCS2204_Functional_Programming/Scala_Tutorial_07/Q1and2.scala[0m
2022.09.13 08:20:47 WARN  no build target for: /home/lordzampa/Desktop/UCSC/2nd_year/1st_semester/SCS2204_Functional_Programming/Scala_Tutorial_07/Q1and2.scala[0m
2022.09.13 08:20:52 WARN  no build target for: /home/lordzampa/Desktop/UCSC/2nd_year/1st_semester/SCS2204_Functional_Programming/Scala_Tutorial_07/Q1and2.scala[0m
2022.09.13 08:20:56 WARN  no build target for: /home/lordzampa/Desktop/UCSC/2nd_year/1st_semester/SCS2204_Functional_Programming/Scala_Tutorial_07/Q1and2.scala[0m
2022.09.13 08:23:43 WARN  no build target for: /home/lordzampa/Desktop/UCSC/2nd_year/1st_semester/SCS2204_Functional_Programming/Scala_Tutorial_07/Q3and4.scala[0m
2022.09.13 08:23:44 WARN  no build target for: /home/lordzampa/Desktop/UCSC/2nd_year/1st_semester/SCS2204_Functional_Programming/Scala_Tutorial_07/Q3and4.scala[0m
2022.09.13 08:23:47 WARN  no build target for: /home/lordzampa/Desktop/UCSC/2nd_year/1st_semester/SCS2204_Functional_Programming/Scala_Tutorial_07/Q3and4.scala[0m
2022.09.13 08:24:02 WARN  no build target for: /home/lordzampa/Desktop/UCSC/2nd_year/1st_semester/SCS2204_Functional_Programming/Scala_Tutorial_07/Q3and4.scala[0m
2022.09.13 08:24:03 WARN  no build target for: /home/lordzampa/Desktop/UCSC/2nd_year/1st_semester/SCS2204_Functional_Programming/Scala_Tutorial_07/Q3and4.scala[0m
2022.09.13 08:24:49 WARN  no build target for: /home/lordzampa/Desktop/UCSC/2nd_year/1st_semester/SCS2204_Functional_Programming/Scala_Tutorial_07/Q3and4.scala[0m
2022.09.13 08:24:54 WARN  no build target for: /home/lordzampa/Desktop/UCSC/2nd_year/1st_semester/SCS2204_Functional_Programming/Scala_Tutorial_07/Q3and4.scala[0m
2022.09.13 08:25:09 WARN  no build target for: /home/lordzampa/Desktop/UCSC/2nd_year/1st_semester/SCS2204_Functional_Programming/Scala_Tutorial_07/Q3and4.scala[0m
2022.09.13 08:25:39 WARN  no build target for: /home/lordzampa/Desktop/UCSC/2nd_year/1st_semester/SCS2204_Functional_Programming/Scala_Tutorial_07/Q3and4.scala[0m
2022.09.13 08:26:13 WARN  no build target for: /home/lordzampa/Desktop/UCSC/2nd_year/1st_semester/SCS2204_Functional_Programming/Scala_Tutorial_07/Q3and4.scala[0m
2022.09.13 08:26:19 WARN  no build target for: /home/lordzampa/Desktop/UCSC/2nd_year/1st_semester/SCS2204_Functional_Programming/Scala_Tutorial_07/Q3and4.scala[0m
2022.09.13 08:26:21 WARN  no build target for: /home/lordzampa/Desktop/UCSC/2nd_year/1st_semester/SCS2204_Functional_Programming/Scala_Tutorial_07/Q3and4.scala[0m
2022.09.13 08:26:23 WARN  no build target for: /home/lordzampa/Desktop/UCSC/2nd_year/1st_semester/SCS2204_Functional_Programming/Scala_Tutorial_07/Q3and4.scala[0m
2022.09.13 08:26:30 WARN  no build target for: /home/lordzampa/Desktop/UCSC/2nd_year/1st_semester/SCS2204_Functional_Programming/Scala_Tutorial_07/Q3and4.scala[0m
2022.09.13 08:26:40 WARN  no build target for: /home/lordzampa/Desktop/UCSC/2nd_year/1st_semester/SCS2204_Functional_Programming/Scala_Tutorial_07/Q3and4.scala[0m
2022.09.13 08:26:46 WARN  no build target for: /home/lordzampa/Desktop/UCSC/2nd_year/1st_semester/SCS2204_Functional_Programming/Scala_Tutorial_07/Q3and4.scala[0m
2022.09.13 08:26:57 WARN  no build target for: /home/lordzampa/Desktop/UCSC/2nd_year/1st_semester/SCS2204_Functional_Programming/Scala_Tutorial_07/Q3and4.scala[0m
2022.09.13 08:27:00 WARN  no build target for: /home/lordzampa/Desktop/UCSC/2nd_year/1st_semester/SCS2204_Functional_Programming/Scala_Tutorial_07/Q3and4.scala[0m
2022.09.13 08:27:21 WARN  no build target for: /home/lordzampa/Desktop/UCSC/2nd_year/1st_semester/SCS2204_Functional_Programming/Scala_Tutorial_07/Q3and4.scala[0m
2022.09.13 08:27:45 WARN  no build target for: /home/lordzampa/Desktop/UCSC/2nd_year/1st_semester/SCS2204_Functional_Programming/Scala_Tutorial_07/Q3and4.scala[0m
2022.09.13 08:27:47 WARN  no build target for: /home/lordzampa/Desktop/UCSC/2nd_year/1st_semester/SCS2204_Functional_Programming/Scala_Tutorial_07/Q3and4.scala[0m
2022.09.13 08:27:50 WARN  no build target for: /home/lordzampa/Desktop/UCSC/2nd_year/1st_semester/SCS2204_Functional_Programming/Scala_Tutorial_07/Q3and4.scala[0m
2022.09.13 08:27:52 WARN  no build target for: /home/lordzampa/Desktop/UCSC/2nd_year/1st_semester/SCS2204_Functional_Programming/Scala_Tutorial_07/Q3and4.scala[0m
2022.09.13 08:27:57 WARN  no build target for: /home/lordzampa/Desktop/UCSC/2nd_year/1st_semester/SCS2204_Functional_Programming/Scala_Tutorial_07/Q3and4.scala[0m
2022.09.13 08:27:58 WARN  no build target for: /home/lordzampa/Desktop/UCSC/2nd_year/1st_semester/SCS2204_Functional_Programming/Scala_Tutorial_07/Q3and4.scala[0m
Sep 13, 2022 8:28:00 AM org.eclipse.lsp4j.jsonrpc.RemoteEndpoint handleCancellation
WARNING: Unmatched cancel notification for request id 2118
2022.09.13 08:28:01 WARN  no build target for: /home/lordzampa/Desktop/UCSC/2nd_year/1st_semester/SCS2204_Functional_Programming/Scala_Tutorial_07/Q3and4.scala[0m
2022.09.13 08:28:03 WARN  no build target for: /home/lordzampa/Desktop/UCSC/2nd_year/1st_semester/SCS2204_Functional_Programming/Scala_Tutorial_07/Q3and4.scala[0m
2022.09.13 08:28:08 WARN  no build target for: /home/lordzampa/Desktop/UCSC/2nd_year/1st_semester/SCS2204_Functional_Programming/Scala_Tutorial_07/Q3and4.scala[0m
2022.09.13 08:28:11 WARN  no build target for: /home/lordzampa/Desktop/UCSC/2nd_year/1st_semester/SCS2204_Functional_Programming/Scala_Tutorial_07/Q3and4.scala[0m
2022.09.13 08:28:14 WARN  no build target for: /home/lordzampa/Desktop/UCSC/2nd_year/1st_semester/SCS2204_Functional_Programming/Scala_Tutorial_07/Q3and4.scala[0m
2022.09.13 08:28:33 WARN  no build target for: /home/lordzampa/Desktop/UCSC/2nd_year/1st_semester/SCS2204_Functional_Programming/Scala_Tutorial_07/Q3and4.scala[0m
2022.09.13 08:28:35 WARN  no build target for: /home/lordzampa/Desktop/UCSC/2nd_year/1st_semester/SCS2204_Functional_Programming/Scala_Tutorial_07/Q3and4.scala[0m
2022.09.13 08:28:36 WARN  no build target for: /home/lordzampa/Desktop/UCSC/2nd_year/1st_semester/SCS2204_Functional_Programming/Scala_Tutorial_07/Q3and4.scala[0m
2022.09.13 08:29:16 WARN  no build target for: /home/lordzampa/Desktop/UCSC/2nd_year/1st_semester/SCS2204_Functional_Programming/Scala_Tutorial_07/Q3and4.scala[0m
2022.09.13 08:29:18 WARN  no build target for: /home/lordzampa/Desktop/UCSC/2nd_year/1st_semester/SCS2204_Functional_Programming/Scala_Tutorial_07/Q3and4.scala[0m
2022.09.13 08:29:19 WARN  no build target for: /home/lordzampa/Desktop/UCSC/2nd_year/1st_semester/SCS2204_Functional_Programming/Scala_Tutorial_07/Q3and4.scala[0m
2022.09.13 08:29:25 WARN  no build target for: /home/lordzampa/Desktop/UCSC/2nd_year/1st_semester/SCS2204_Functional_Programming/Scala_Tutorial_07/Q3and4.scala[0m
2022.09.13 08:29:40 WARN  no build target for: /home/lordzampa/Desktop/UCSC/2nd_year/1st_semester/SCS2204_Functional_Programming/Scala_Tutorial_07/Q3and4.scala[0m
2022.09.13 08:29:43 WARN  no build target for: /home/lordzampa/Desktop/UCSC/2nd_year/1st_semester/SCS2204_Functional_Programming/Scala_Tutorial_07/Q3and4.scala[0m
2022.09.13 08:29:46 WARN  no build target for: /home/lordzampa/Desktop/UCSC/2nd_year/1st_semester/SCS2204_Functional_Programming/Scala_Tutorial_07/Q3and4.scala[0m
2022.09.13 08:29:57 WARN  no build target for: /home/lordzampa/Desktop/UCSC/2nd_year/1st_semester/SCS2204_Functional_Programming/Scala_Tutorial_07/Q3and4.scala[0m
2022.09.13 08:30:16 WARN  no build target for: /home/lordzampa/Desktop/UCSC/2nd_year/1st_semester/SCS2204_Functional_Programming/Scala_Tutorial_07/Q3and4.scala[0m
2022.09.13 08:30:20 WARN  no build target for: /home/lordzampa/Desktop/UCSC/2nd_year/1st_semester/SCS2204_Functional_Programming/Scala_Tutorial_07/Q3and4.scala[0m
2022.09.13 08:30:24 WARN  no build target for: /home/lordzampa/Desktop/UCSC/2nd_year/1st_semester/SCS2204_Functional_Programming/Scala_Tutorial_07/Q3and4.scala[0m
2022.09.13 08:30:27 WARN  no build target for: /home/lordzampa/Desktop/UCSC/2nd_year/1st_semester/SCS2204_Functional_Programming/Scala_Tutorial_07/Q3and4.scala[0m
2022.09.13 08:30:52 WARN  no build target for: /home/lordzampa/Desktop/UCSC/2nd_year/1st_semester/SCS2204_Functional_Programming/Scala_Tutorial_07/Q3and4.scala[0m
2022.09.13 08:30:53 WARN  no build target for: /home/lordzampa/Desktop/UCSC/2nd_year/1st_semester/SCS2204_Functional_Programming/Scala_Tutorial_07/Q3and4.scala[0m
2022.09.13 08:30:58 WARN  no build target for: /home/lordzampa/Desktop/UCSC/2nd_year/1st_semester/SCS2204_Functional_Programming/Scala_Tutorial_07/Q3and4.scala[0m
2022.09.13 08:31:02 WARN  no build target for: /home/lordzampa/Desktop/UCSC/2nd_year/1st_semester/SCS2204_Functional_Programming/Scala_Tutorial_07/Q3and4.scala[0m
2022.09.13 08:31:05 WARN  no build target for: /home/lordzampa/Desktop/UCSC/2nd_year/1st_semester/SCS2204_Functional_Programming/Scala_Tutorial_07/Q3and4.scala[0m
2022.09.13 08:31:07 WARN  no build target for: /home/lordzampa/Desktop/UCSC/2nd_year/1st_semester/SCS2204_Functional_Programming/Scala_Tutorial_07/Q3and4.scala[0m
2022.09.13 08:31:12 WARN  no build target for: /home/lordzampa/Desktop/UCSC/2nd_year/1st_semester/SCS2204_Functional_Programming/Scala_Tutorial_07/Q3and4.scala[0m
2022.09.13 08:31:16 WARN  no build target for: /home/lordzampa/Desktop/UCSC/2nd_year/1st_semester/SCS2204_Functional_Programming/Scala_Tutorial_07/Q3and4.scala[0m
2022.09.13 08:31:18 WARN  no build target for: /home/lordzampa/Desktop/UCSC/2nd_year/1st_semester/SCS2204_Functional_Programming/Scala_Tutorial_07/Q3and4.scala[0m
2022.09.13 08:31:23 WARN  no build target for: /home/lordzampa/Desktop/UCSC/2nd_year/1st_semester/SCS2204_Functional_Programming/Scala_Tutorial_07/Q3and4.scala[0m
2022.09.13 08:31:26 WARN  no build target for: /home/lordzampa/Desktop/UCSC/2nd_year/1st_semester/SCS2204_Functional_Programming/Scala_Tutorial_07/Q3and4.scala[0m
2022.09.13 08:31:30 WARN  no build target for: /home/lordzampa/Desktop/UCSC/2nd_year/1st_semester/SCS2204_Functional_Programming/Scala_Tutorial_07/Q3and4.scala[0m
2022.09.13 08:31:32 WARN  no build target for: /home/lordzampa/Desktop/UCSC/2nd_year/1st_semester/SCS2204_Functional_Programming/Scala_Tutorial_07/Q3and4.scala[0m
2022.09.13 08:31:34 WARN  no build target for: /home/lordzampa/Desktop/UCSC/2nd_year/1st_semester/SCS2204_Functional_Programming/Scala_Tutorial_07/Q3and4.scala[0m
2022.09.13 08:31:49 WARN  no build target for: /home/lordzampa/Desktop/UCSC/2nd_year/1st_semester/SCS2204_Functional_Programming/Scala_Tutorial_07/Q3and4.scala[0m
2022.09.13 08:31:53 WARN  no build target for: /home/lordzampa/Desktop/UCSC/2nd_year/1st_semester/SCS2204_Functional_Programming/Scala_Tutorial_07/Q3and4.scala[0m
2022.09.13 08:31:56 WARN  no build target for: /home/lordzampa/Desktop/UCSC/2nd_year/1st_semester/SCS2204_Functional_Programming/Scala_Tutorial_07/Q3and4.scala[0m
2022.09.13 08:32:08 WARN  no build target for: /home/lordzampa/Desktop/UCSC/2nd_year/1st_semester/SCS2204_Functional_Programming/Scala_Tutorial_07/Q3and4.scala[0m
2022.09.13 08:32:31 WARN  no build target for: /home/lordzampa/Desktop/UCSC/2nd_year/1st_semester/SCS2204_Functional_Programming/Scala_Tutorial_07/Q3and4.scala[0m
2022.09.13 08:32:36 WARN  no build target for: /home/lordzampa/Desktop/UCSC/2nd_year/1st_semester/SCS2204_Functional_Programming/Scala_Tutorial_07/Q3and4.scala[0m
2022.09.13 08:32:55 WARN  no build target for: /home/lordzampa/Desktop/UCSC/2nd_year/1st_semester/SCS2204_Functional_Programming/Scala_Tutorial_07/Q3and4.scala[0m
2022.09.13 08:33:00 WARN  no build target for: /home/lordzampa/Desktop/UCSC/2nd_year/1st_semester/SCS2204_Functional_Programming/Scala_Tutorial_07/Q3and4.scala[0m
2022.09.13 08:33:26 WARN  no build target for: /home/lordzampa/Desktop/UCSC/2nd_year/1st_semester/SCS2204_Functional_Programming/Scala_Tutorial_07/Q3and4.scala[0m
2022.09.13 08:33:54 WARN  no build target for: /home/lordzampa/Desktop/UCSC/2nd_year/1st_semester/SCS2204_Functional_Programming/Scala_Tutorial_07/Q3and4.scala[0m
2022.09.13 08:34:23 WARN  no build target for: /home/lordzampa/Desktop/UCSC/2nd_year/1st_semester/SCS2204_Functional_Programming/Scala_Tutorial_07/Q3and4.scala[0m
2022.09.13 08:34:30 WARN  no build target for: /home/lordzampa/Desktop/UCSC/2nd_year/1st_semester/SCS2204_Functional_Programming/Scala_Tutorial_07/Q3and4.scala[0m
2022.09.13 08:34:34 WARN  no build target for: /home/lordzampa/Desktop/UCSC/2nd_year/1st_semester/SCS2204_Functional_Programming/Scala_Tutorial_07/Q3and4.scala[0m
2022.09.13 08:34:38 WARN  no build target for: /home/lordzampa/Desktop/UCSC/2nd_year/1st_semester/SCS2204_Functional_Programming/Scala_Tutorial_07/Q3and4.scala[0m
2022.09.13 08:34:39 WARN  no build target for: /home/lordzampa/Desktop/UCSC/2nd_year/1st_semester/SCS2204_Functional_Programming/Scala_Tutorial_07/Q3and4.scala[0m
2022.09.13 08:35:33 WARN  no build target for: /home/lordzampa/Desktop/UCSC/2nd_year/1st_semester/SCS2204_Functional_Programming/Scala_Tutorial_07/Q3and4.scala[0m
2022.09.13 08:35:36 WARN  no build target for: /home/lordzampa/Desktop/UCSC/2nd_year/1st_semester/SCS2204_Functional_Programming/Scala_Tutorial_07/Q3and4.scala[0m
2022.09.13 08:35:40 WARN  no build target for: /home/lordzampa/Desktop/UCSC/2nd_year/1st_semester/SCS2204_Functional_Programming/Scala_Tutorial_07/Q3and4.scala[0m
2022.09.13 08:36:04 WARN  no build target for: /home/lordzampa/Desktop/UCSC/2nd_year/1st_semester/SCS2204_Functional_Programming/Scala_Tutorial_07/Q3and4.scala[0m
Sep 13, 2022 8:36:06 AM org.eclipse.lsp4j.jsonrpc.RemoteEndpoint fallbackResponseError
SEVERE: Internal error: file:///home/lordzampa/Desktop/UCSC/2nd_year/1st_semester/SCS2204_Functional_Programming/Scala_Tutorial_07/Q3and4.scala:92: error: unclosed string literal
  println(************4.1**************")
                                       ^
java.util.concurrent.CompletionException: file:///home/lordzampa/Desktop/UCSC/2nd_year/1st_semester/SCS2204_Functional_Programming/Scala_Tutorial_07/Q3and4.scala:92: error: unclosed string literal
  println(************4.1**************")
                                       ^
	at java.base/java.util.concurrent.CompletableFuture.encodeThrowable(CompletableFuture.java:332)
	at java.base/java.util.concurrent.CompletableFuture.completeThrowable(CompletableFuture.java:347)
	at java.base/java.util.concurrent.CompletableFuture$UniAccept.tryFire(CompletableFuture.java:708)
	at java.base/java.util.concurrent.CompletableFuture.postComplete(CompletableFuture.java:510)
	at java.base/java.util.concurrent.CompletableFuture.completeExceptionally(CompletableFuture.java:2162)
	at scala.meta.internal.metals.CancelTokens$.$anonfun$future$1(CancelTokens.scala:40)
	at scala.meta.internal.metals.CancelTokens$.$anonfun$future$1$adapted(CancelTokens.scala:38)
	at scala.concurrent.impl.Promise$Transformation.run(Promise.scala:484)
	at java.base/java.util.concurrent.ThreadPoolExecutor.runWorker(ThreadPoolExecutor.java:1136)
	at java.base/java.util.concurrent.ThreadPoolExecutor$Worker.run(ThreadPoolExecutor.java:635)
	at java.base/java.lang.Thread.run(Thread.java:833)
Caused by: file:///home/lordzampa/Desktop/UCSC/2nd_year/1st_semester/SCS2204_Functional_Programming/Scala_Tutorial_07/Q3and4.scala:92: error: unclosed string literal
  println(************4.1**************")
                                       ^
	at scala.meta.internal.tokenizers.Reporter.syntaxError(Reporter.scala:23)
	at scala.meta.internal.tokenizers.Reporter.syntaxError$(Reporter.scala:23)
	at scala.meta.internal.tokenizers.Reporter$$anon$1.syntaxError(Reporter.scala:33)
	at scala.meta.internal.tokenizers.Reporter.syntaxError(Reporter.scala:25)
	at scala.meta.internal.tokenizers.Reporter.syntaxError$(Reporter.scala:25)
	at scala.meta.internal.tokenizers.Reporter$$anon$1.syntaxError(Reporter.scala:33)
	at scala.meta.internal.tokenizers.LegacyScanner.getStringLit(LegacyScanner.scala:590)
	at scala.meta.internal.tokenizers.LegacyScanner.fetchDoubleQuote$1(LegacyScanner.scala:406)
	at scala.meta.internal.tokenizers.LegacyScanner.fetchToken(LegacyScanner.scala:410)
	at scala.meta.internal.tokenizers.LegacyScanner.nextToken(LegacyScanner.scala:245)
	at scala.meta.internal.mtags.ScalaToplevelMtags.acceptBalancedDelimeters(ScalaToplevelMtags.scala:368)
	at scala.meta.internal.mtags.ScalaToplevelMtags.loop(ScalaToplevelMtags.scala:282)
	at scala.meta.internal.mtags.ScalaToplevelMtags.indexRoot(ScalaToplevelMtags.scala:50)
	at scala.meta.internal.mtags.MtagsIndexer.index(MtagsIndexer.scala:19)
	at scala.meta.internal.mtags.MtagsIndexer.index$(MtagsIndexer.scala:18)
	at scala.meta.internal.mtags.ScalaToplevelMtags.index(ScalaToplevelMtags.scala:40)
	at scala.meta.internal.mtags.Mtags$.allToplevels(Mtags.scala:96)
	at scala.meta.internal.metals.DefinitionProvider.fromMtags(DefinitionProvider.scala:269)
	at scala.meta.internal.metals.DefinitionProvider.$anonfun$positionOccurrence$3(DefinitionProvider.scala:202)
	at scala.Option.orElse(Option.scala:477)
	at scala.meta.internal.metals.DefinitionProvider.$anonfun$positionOccurrence$1(DefinitionProvider.scala:202)
	at scala.Option.flatMap(Option.scala:283)
	at scala.meta.internal.metals.DefinitionProvider.positionOccurrence(DefinitionProvider.scala:197)
	at scala.meta.internal.metals.DocumentHighlightProvider.$anonfun$documentHighlight$1(DocumentHighlightProvider.scala:34)
	at scala.collection.immutable.List.map(List.scala:246)
	at scala.meta.internal.metals.DocumentHighlightProvider.documentHighlight(DocumentHighlightProvider.scala:30)
	at scala.meta.internal.metals.MetalsLanguageServer.$anonfun$documentHighlights$1(MetalsLanguageServer.scala:1508)
	at scala.meta.internal.metals.CancelTokens$.$anonfun$apply$2(CancelTokens.scala:26)
	at scala.concurrent.Future$.$anonfun$apply$1(Future.scala:678)
	at scala.concurrent.impl.Promise$Transformation.run(Promise.scala:467)
	... 3 more

2022.09.13 08:36:08 WARN  no build target for: /home/lordzampa/Desktop/UCSC/2nd_year/1st_semester/SCS2204_Functional_Programming/Scala_Tutorial_07/Q3and4.scala[0m
2022.09.13 08:36:13 WARN  no build target for: /home/lordzampa/Desktop/UCSC/2nd_year/1st_semester/SCS2204_Functional_Programming/Scala_Tutorial_07/Q3and4.scala[0m
2022.09.13 08:36:19 WARN  no build target for: /home/lordzampa/Desktop/UCSC/2nd_year/1st_semester/SCS2204_Functional_Programming/Scala_Tutorial_07/Q3and4.scala[0m
2022.09.13 08:36:25 WARN  no build target for: /home/lordzampa/Desktop/UCSC/2nd_year/1st_semester/SCS2204_Functional_Programming/Scala_Tutorial_07/Q3and4.scala[0m
2022.09.13 08:36:28 WARN  no build target for: /home/lordzampa/Desktop/UCSC/2nd_year/1st_semester/SCS2204_Functional_Programming/Scala_Tutorial_07/Q3and4.scala[0m
2022.09.13 08:36:44 WARN  no build target for: /home/lordzampa/Desktop/UCSC/2nd_year/1st_semester/SCS2204_Functional_Programming/Scala_Tutorial_07/Q3and4.scala[0m
2022.09.13 08:36:47 WARN  no build target for: /home/lordzampa/Desktop/UCSC/2nd_year/1st_semester/SCS2204_Functional_Programming/Scala_Tutorial_07/Q3and4.scala[0m
2022.09.13 08:36:55 WARN  no build target for: /home/lordzampa/Desktop/UCSC/2nd_year/1st_semester/SCS2204_Functional_Programming/Scala_Tutorial_07/Q3and4.scala[0m
2022.09.13 08:36:56 WARN  no build target for: /home/lordzampa/Desktop/UCSC/2nd_year/1st_semester/SCS2204_Functional_Programming/Scala_Tutorial_07/Q3and4.scala[0m
2022.09.13 08:36:59 WARN  no build target for: /home/lordzampa/Desktop/UCSC/2nd_year/1st_semester/SCS2204_Functional_Programming/Scala_Tutorial_07/Q3and4.scala[0m
2022.09.13 08:37:01 WARN  no build target for: /home/lordzampa/Desktop/UCSC/2nd_year/1st_semester/SCS2204_Functional_Programming/Scala_Tutorial_07/Q3and4.scala[0m
2022.09.13 08:37:04 WARN  no build target for: /home/lordzampa/Desktop/UCSC/2nd_year/1st_semester/SCS2204_Functional_Programming/Scala_Tutorial_07/Q3and4.scala[0m
2022.09.13 08:37:06 WARN  no build target for: /home/lordzampa/Desktop/UCSC/2nd_year/1st_semester/SCS2204_Functional_Programming/Scala_Tutorial_07/Q3and4.scala[0m
2022.09.13 08:39:11 WARN  no build target for: /home/lordzampa/Desktop/UCSC/2nd_year/1st_semester/SCS2204_Functional_Programming/Scala_Tutorial_07/Q3and4.scala[0m
2022.09.13 08:39:13 WARN  no build target for: /home/lordzampa/Desktop/UCSC/2nd_year/1st_semester/SCS2204_Functional_Programming/Scala_Tutorial_07/Q3and4.scala[0m
2022.09.13 08:39:22 WARN  no build target for: /home/lordzampa/Desktop/UCSC/2nd_year/1st_semester/SCS2204_Functional_Programming/Scala_Tutorial_07/Q3and4.scala[0m
Sep 13, 2022 8:39:42 AM org.eclipse.lsp4j.jsonrpc.RemoteEndpoint handleCancellation
WARNING: Unmatched cancel notification for request id 3172
2022.09.13 08:39:44 WARN  no build target for: /home/lordzampa/Desktop/UCSC/2nd_year/1st_semester/SCS2204_Functional_Programming/Scala_Tutorial_07/Q3and4.scala[0m
2022.09.13 08:39:49 WARN  no build target for: /home/lordzampa/Desktop/UCSC/2nd_year/1st_semester/SCS2204_Functional_Programming/Scala_Tutorial_07/Q3and4.scala[0m
2022.09.13 08:40:36 WARN  no build target for: /home/lordzampa/Desktop/UCSC/2nd_year/1st_semester/SCS2204_Functional_Programming/Scala_Tutorial_07/Q3and4.scala[0m
2022.09.13 08:40:38 WARN  no build target for: /home/lordzampa/Desktop/UCSC/2nd_year/1st_semester/SCS2204_Functional_Programming/Scala_Tutorial_07/Q3and4.scala[0m
2022.09.13 08:40:40 WARN  no build target for: /home/lordzampa/Desktop/UCSC/2nd_year/1st_semester/SCS2204_Functional_Programming/Scala_Tutorial_07/Q3and4.scala[0m
2022.09.13 08:40:42 WARN  no build target for: /home/lordzampa/Desktop/UCSC/2nd_year/1st_semester/SCS2204_Functional_Programming/Scala_Tutorial_07/Q3and4.scala[0m
2022.09.13 08:40:44 WARN  no build target for: /home/lordzampa/Desktop/UCSC/2nd_year/1st_semester/SCS2204_Functional_Programming/Scala_Tutorial_07/Q3and4.scala[0m
2022.09.13 08:40:53 WARN  no build target for: /home/lordzampa/Desktop/UCSC/2nd_year/1st_semester/SCS2204_Functional_Programming/Scala_Tutorial_07/Q3and4.scala[0m
2022.09.13 08:40:55 WARN  no build target for: /home/lordzampa/Desktop/UCSC/2nd_year/1st_semester/SCS2204_Functional_Programming/Scala_Tutorial_07/Q3and4.scala[0m
2022.09.13 08:40:58 WARN  no build target for: /home/lordzampa/Desktop/UCSC/2nd_year/1st_semester/SCS2204_Functional_Programming/Scala_Tutorial_07/Q3and4.scala[0m
2022.09.13 08:41:01 WARN  no build target for: /home/lordzampa/Desktop/UCSC/2nd_year/1st_semester/SCS2204_Functional_Programming/Scala_Tutorial_07/Q3and4.scala[0m
2022.09.13 08:41:10 WARN  no build target for: /home/lordzampa/Desktop/UCSC/2nd_year/1st_semester/SCS2204_Functional_Programming/Scala_Tutorial_07/Q3and4.scala[0m
2022.09.13 08:41:11 WARN  no build target for: /home/lordzampa/Desktop/UCSC/2nd_year/1st_semester/SCS2204_Functional_Programming/Scala_Tutorial_07/Q3and4.scala[0m
2022.09.13 08:41:19 WARN  no build target for: /home/lordzampa/Desktop/UCSC/2nd_year/1st_semester/SCS2204_Functional_Programming/Scala_Tutorial_07/Q1and2.scala[0m
Sep 13, 2022 8:41:46 AM org.eclipse.lsp4j.jsonrpc.services.GenericEndpoint notify
INFO: Unsupported notification method: $/setTrace
2022.09.13 08:43:03 WARN  no build target for: /home/lordzampa/Desktop/UCSC/2nd_year/1st_semester/SCS2204_Functional_Programming/Scala_Tutorial_07/Q3and4.scala[0m
2022.09.13 08:43:23 WARN  no build target for: /home/lordzampa/Desktop/UCSC/2nd_year/1st_semester/SCS2204_Functional_Programming/Scala_Tutorial_07/Q3and4.scala[0m
